2024/12/26 17:10:28 [error] [exception.CHttpException.404] CHttpException: Unable to resolve the request "gii". in D:\laragon\www\yii\framework\web\CWebApplication.php:286
Stack trace:
#0 D:\laragon\www\yii\framework\web\CWebApplication.php(141): CWebApplication->runController('gii')
#1 D:\laragon\www\yii\framework\base\CApplication.php(185): CWebApplication->processRequest()
#2 D:\laragon\www\yii\jobtest\index.php(13): CApplication->run()
#3 {main}
REQUEST_URI=/jobtest/index.php?r=gii
---
2024/12/26 17:40:14 [error] [exception.CException] CException: LoginController cannot find the requested view "index". in D:\laragon\www\yii\framework\web\CController.php:881
Stack trace:
#0 D:\laragon\www\yii\framework\web\CController.php(785): CController->renderPartial('index', Array, true)
#1 D:\laragon\www\yii\jobtest\protected\controllers\LoginController.php(17): CController->render('index', Array)
#2 D:\laragon\www\yii\framework\web\actions\CInlineAction.php(49): LoginController->actionIndex()
#3 D:\laragon\www\yii\framework\web\CController.php(308): CInlineAction->runWithParams(Array)
#4 D:\laragon\www\yii\framework\web\CController.php(286): CController->runAction(Object(CInlineAction))
#5 D:\laragon\www\yii\framework\web\CController.php(265): CController->runActionWithFilters(Object(CInlineAction), Array)
#6 D:\laragon\www\yii\framework\web\CWebApplication.php(282): CController->run('')
#7 D:\laragon\www\yii\framework\web\CWebApplication.php(141): CWebApplication->runController('login')
#8 D:\laragon\www\yii\framework\base\CApplication.php(185): CWebApplication->processRequest()
#9 D:\laragon\www\yii\jobtest\index.php(13): CApplication->run()
#10 {main}
REQUEST_URI=/jobtest/index.php?r=login
---
2024/12/26 17:42:10 [error] [exception.CException] CException: LoginController cannot find the requested view "emp.index". in D:\laragon\www\yii\framework\web\CController.php:881
Stack trace:
#0 D:\laragon\www\yii\framework\web\CController.php(785): CController->renderPartial('emp.index', Array, true)
#1 D:\laragon\www\yii\jobtest\protected\controllers\LoginController.php(17): CController->render('emp.index', Array)
#2 D:\laragon\www\yii\framework\web\actions\CInlineAction.php(49): LoginController->actionIndex()
#3 D:\laragon\www\yii\framework\web\CController.php(308): CInlineAction->runWithParams(Array)
#4 D:\laragon\www\yii\framework\web\CController.php(286): CController->runAction(Object(CInlineAction))
#5 D:\laragon\www\yii\framework\web\CController.php(265): CController->runActionWithFilters(Object(CInlineAction), Array)
#6 D:\laragon\www\yii\framework\web\CWebApplication.php(282): CController->run('')
#7 D:\laragon\www\yii\framework\web\CWebApplication.php(141): CWebApplication->runController('login')
#8 D:\laragon\www\yii\framework\base\CApplication.php(185): CWebApplication->processRequest()
#9 D:\laragon\www\yii\jobtest\index.php(13): CApplication->run()
#10 {main}
REQUEST_URI=/jobtest/index.php?r=login
---
2024/12/26 17:42:13 [error] [exception.CException] CException: LoginController cannot find the requested view "index". in D:\laragon\www\yii\framework\web\CController.php:881
Stack trace:
#0 D:\laragon\www\yii\framework\web\CController.php(785): CController->renderPartial('index', Array, true)
#1 D:\laragon\www\yii\jobtest\protected\controllers\LoginController.php(17): CController->render('index', Array)
#2 D:\laragon\www\yii\framework\web\actions\CInlineAction.php(49): LoginController->actionIndex()
#3 D:\laragon\www\yii\framework\web\CController.php(308): CInlineAction->runWithParams(Array)
#4 D:\laragon\www\yii\framework\web\CController.php(286): CController->runAction(Object(CInlineAction))
#5 D:\laragon\www\yii\framework\web\CController.php(265): CController->runActionWithFilters(Object(CInlineAction), Array)
#6 D:\laragon\www\yii\framework\web\CWebApplication.php(282): CController->run('')
#7 D:\laragon\www\yii\framework\web\CWebApplication.php(141): CWebApplication->runController('login')
#8 D:\laragon\www\yii\framework\base\CApplication.php(185): CWebApplication->processRequest()
#9 D:\laragon\www\yii\jobtest\index.php(13): CApplication->run()
#10 {main}
REQUEST_URI=/jobtest/index.php?r=login
---
2024/12/26 17:46:19 [error] [exception.CException] CException: Property "LoginForm.email" is not defined. in D:\laragon\www\yii\framework\base\CComponent.php:130
Stack trace:
#0 D:\laragon\www\yii\framework\web\helpers\CHtml.php(2784): CComponent->__get('email')
#1 D:\laragon\www\yii\framework\web\helpers\CHtml.php(2507): CHtml::resolveValue(Object(LoginForm), 'email')
#2 D:\laragon\www\yii\framework\web\helpers\CHtml.php(1554): CHtml::activeInputField('text', Object(LoginForm), 'email', Array)
#3 D:\laragon\www\yii\framework\web\widgets\CActiveForm.php(793): CHtml::activeTextField(Object(LoginForm), 'email', Array)
#4 D:\laragon\www\yii\jobtest\protected\views\login\index.php(5): CActiveForm->textField(Object(LoginForm), 'email')
#5 D:\laragon\www\yii\framework\web\CBaseController.php(126): require('D:\\laragon\\www\\...')
#6 D:\laragon\www\yii\framework\web\CBaseController.php(95): CBaseController->renderInternal('D:\\laragon\\www\\...', Array, true)
#7 D:\laragon\www\yii\framework\web\CController.php(872): CBaseController->renderFile('D:\\laragon\\www\\...', Array, true)
#8 D:\laragon\www\yii\framework\web\CController.php(785): CController->renderPartial('index', Array, true)
#9 D:\laragon\www\yii\jobtest\protected\controllers\LoginController.php(17): CController->render('index', Array)
#10 D:\laragon\www\yii\framework\web\actions\CInlineAction.php(49): LoginController->actionIndex()
#11 D:\laragon\www\yii\framework\web\CController.php(308): CInlineAction->runWithParams(Array)
#12 D:\laragon\www\yii\framework\web\CController.php(286): CController->runAction(Object(CInlineAction))
#13 D:\laragon\www\yii\framework\web\CController.php(265): CController->runActionWithFilters(Object(CInlineAction), Array)
#14 D:\laragon\www\yii\framework\web\CWebApplication.php(282): CController->run('')
#15 D:\laragon\www\yii\framework\web\CWebApplication.php(141): CWebApplication->runController('login')
#16 D:\laragon\www\yii\framework\base\CApplication.php(185): CWebApplication->processRequest()
#17 D:\laragon\www\yii\jobtest\index.php(13): CApplication->run()
#18 {main}
REQUEST_URI=/jobtest/index.php?r=login
---
2024/12/26 17:47:39 [error] [php] Undefined variable: user (D:\laragon\www\yii\jobtest\protected\components\UserIdentity.php:22)
Stack trace:
#0 D:\laragon\www\yii\jobtest\protected\models\LoginForm.php(54): UserIdentity->authenticate()
#1 D:\laragon\www\yii\framework\validators\CInlineValidator.php(42): LoginForm->authenticate()
#2 D:\laragon\www\yii\framework\validators\CValidator.php(201): CInlineValidator->validateAttribute()
#3 D:\laragon\www\yii\framework\base\CModel.php(159): CInlineValidator->validate()
#4 D:\laragon\www\yii\jobtest\protected\controllers\LoginController.php(12): LoginForm->validate()
#5 D:\laragon\www\yii\framework\web\actions\CInlineAction.php(49): LoginController->actionIndex()
#6 D:\laragon\www\yii\framework\web\CController.php(308): CInlineAction->runWithParams()
#7 D:\laragon\www\yii\framework\web\CController.php(286): LoginController->runAction()
#8 D:\laragon\www\yii\framework\web\CController.php(265): LoginController->runActionWithFilters()
#9 D:\laragon\www\yii\framework\web\CWebApplication.php(282): LoginController->run()
#10 D:\laragon\www\yii\framework\web\CWebApplication.php(141): CWebApplication->runController()
#11 D:\laragon\www\yii\framework\base\CApplication.php(185): CWebApplication->processRequest()
#12 D:\laragon\www\yii\jobtest\index.php(13): CWebApplication->run()
REQUEST_URI=/jobtest/index.php?r=login
in D:\laragon\www\yii\jobtest\protected\components\UserIdentity.php (22)
in D:\laragon\www\yii\jobtest\protected\models\LoginForm.php (54)
in D:\laragon\www\yii\jobtest\protected\controllers\LoginController.php (12)
2024/12/26 17:47:40 [error] [php] Undefined variable: user (D:\laragon\www\yii\jobtest\protected\components\UserIdentity.php:22)
Stack trace:
#0 D:\laragon\www\yii\jobtest\protected\models\LoginForm.php(54): UserIdentity->authenticate()
#1 D:\laragon\www\yii\framework\validators\CInlineValidator.php(42): LoginForm->authenticate()
#2 D:\laragon\www\yii\framework\validators\CValidator.php(201): CInlineValidator->validateAttribute()
#3 D:\laragon\www\yii\framework\base\CModel.php(159): CInlineValidator->validate()
#4 D:\laragon\www\yii\jobtest\protected\controllers\LoginController.php(12): LoginForm->validate()
#5 D:\laragon\www\yii\framework\web\actions\CInlineAction.php(49): LoginController->actionIndex()
#6 D:\laragon\www\yii\framework\web\CController.php(308): CInlineAction->runWithParams()
#7 D:\laragon\www\yii\framework\web\CController.php(286): LoginController->runAction()
#8 D:\laragon\www\yii\framework\web\CController.php(265): LoginController->runActionWithFilters()
#9 D:\laragon\www\yii\framework\web\CWebApplication.php(282): LoginController->run()
#10 D:\laragon\www\yii\framework\web\CWebApplication.php(141): CWebApplication->runController()
#11 D:\laragon\www\yii\framework\base\CApplication.php(185): CWebApplication->processRequest()
#12 D:\laragon\www\yii\jobtest\index.php(13): CWebApplication->run()
REQUEST_URI=/jobtest/index.php?r=login
in D:\laragon\www\yii\jobtest\protected\components\UserIdentity.php (22)
in D:\laragon\www\yii\jobtest\protected\models\LoginForm.php (54)
in D:\laragon\www\yii\jobtest\protected\controllers\LoginController.php (12)
2024/12/26 17:48:19 [error] [exception.CException] CException: Property "UserIdentity.email" is not defined. in D:\laragon\www\yii\framework\base\CComponent.php:130
Stack trace:
#0 D:\laragon\www\yii\jobtest\protected\components\UserIdentity.php(20): CComponent->__get('email')
#1 D:\laragon\www\yii\jobtest\protected\models\LoginForm.php(54): UserIdentity->authenticate()
#2 D:\laragon\www\yii\framework\validators\CInlineValidator.php(42): LoginForm->authenticate('password', Array)
#3 D:\laragon\www\yii\framework\validators\CValidator.php(201): CInlineValidator->validateAttribute(Object(LoginForm), 'password')
#4 D:\laragon\www\yii\framework\base\CModel.php(159): CValidator->validate(Object(LoginForm), Array)
#5 D:\laragon\www\yii\jobtest\protected\controllers\LoginController.php(12): CModel->validate()
#6 D:\laragon\www\yii\framework\web\actions\CInlineAction.php(49): LoginController->actionIndex()
#7 D:\laragon\www\yii\framework\web\CController.php(308): CInlineAction->runWithParams(Array)
#8 D:\laragon\www\yii\framework\web\CController.php(286): CController->runAction(Object(CInlineAction))
#9 D:\laragon\www\yii\framework\web\CController.php(265): CController->runActionWithFilters(Object(CInlineAction), Array)
#10 D:\laragon\www\yii\framework\web\CWebApplication.php(282): CController->run('')
#11 D:\laragon\www\yii\framework\web\CWebApplication.php(141): CWebApplication->runController('login')
#12 D:\laragon\www\yii\framework\base\CApplication.php(185): CWebApplication->processRequest()
#13 D:\laragon\www\yii\jobtest\index.php(13): CApplication->run()
#14 {main}
REQUEST_URI=/jobtest/index.php?r=login
HTTP_REFERER=http://yii.test/jobtest/index.php?r=login
---
2024/12/26 17:49:15 [error] [exception.CException] CException: Property "UserIdentity.email" is not defined. in D:\laragon\www\yii\framework\base\CComponent.php:130
Stack trace:
#0 D:\laragon\www\yii\jobtest\protected\components\UserIdentity.php(20): CComponent->__get('email')
#1 D:\laragon\www\yii\jobtest\protected\models\LoginForm.php(54): UserIdentity->authenticate()
#2 D:\laragon\www\yii\framework\validators\CInlineValidator.php(42): LoginForm->authenticate('password', Array)
#3 D:\laragon\www\yii\framework\validators\CValidator.php(201): CInlineValidator->validateAttribute(Object(LoginForm), 'password')
#4 D:\laragon\www\yii\framework\base\CModel.php(159): CValidator->validate(Object(LoginForm), Array)
#5 D:\laragon\www\yii\jobtest\protected\controllers\LoginController.php(12): CModel->validate()
#6 D:\laragon\www\yii\framework\web\actions\CInlineAction.php(49): LoginController->actionIndex()
#7 D:\laragon\www\yii\framework\web\CController.php(308): CInlineAction->runWithParams(Array)
#8 D:\laragon\www\yii\framework\web\CController.php(286): CController->runAction(Object(CInlineAction))
#9 D:\laragon\www\yii\framework\web\CController.php(265): CController->runActionWithFilters(Object(CInlineAction), Array)
#10 D:\laragon\www\yii\framework\web\CWebApplication.php(282): CController->run('')
#11 D:\laragon\www\yii\framework\web\CWebApplication.php(141): CWebApplication->runController('login')
#12 D:\laragon\www\yii\framework\base\CApplication.php(185): CWebApplication->processRequest()
#13 D:\laragon\www\yii\jobtest\index.php(13): CApplication->run()
#14 {main}
REQUEST_URI=/jobtest/index.php?r=login
HTTP_REFERER=http://yii.test/jobtest/index.php?r=login
---
2024/12/26 17:49:48 [error] [exception.Error] Error: Call to undefined function dd() in D:\laragon\www\yii\jobtest\protected\components\UserIdentity.php:20
Stack trace:
#0 D:\laragon\www\yii\jobtest\protected\models\LoginForm.php(54): UserIdentity->authenticate()
#1 D:\laragon\www\yii\framework\validators\CInlineValidator.php(42): LoginForm->authenticate('password', Array)
#2 D:\laragon\www\yii\framework\validators\CValidator.php(201): CInlineValidator->validateAttribute(Object(LoginForm), 'password')
#3 D:\laragon\www\yii\framework\base\CModel.php(159): CValidator->validate(Object(LoginForm), Array)
#4 D:\laragon\www\yii\jobtest\protected\controllers\LoginController.php(12): CModel->validate()
#5 D:\laragon\www\yii\framework\web\actions\CInlineAction.php(49): LoginController->actionIndex()
#6 D:\laragon\www\yii\framework\web\CController.php(308): CInlineAction->runWithParams(Array)
#7 D:\laragon\www\yii\framework\web\CController.php(286): CController->runAction(Object(CInlineAction))
#8 D:\laragon\www\yii\framework\web\CController.php(265): CController->runActionWithFilters(Object(CInlineAction), Array)
#9 D:\laragon\www\yii\framework\web\CWebApplication.php(282): CController->run('')
#10 D:\laragon\www\yii\framework\web\CWebApplication.php(141): CWebApplication->runController('login')
#11 D:\laragon\www\yii\framework\base\CApplication.php(185): CWebApplication->processRequest()
#12 D:\laragon\www\yii\jobtest\index.php(13): CApplication->run()
#13 {main}
REQUEST_URI=/jobtest/index.php?r=login
HTTP_REFERER=http://yii.test/jobtest/index.php?r=login
---
2024/12/26 17:49:54 [error] [exception.CException] CException: Property "UserIdentity.email" is not defined. in D:\laragon\www\yii\framework\base\CComponent.php:130
Stack trace:
#0 D:\laragon\www\yii\jobtest\protected\components\UserIdentity.php(20): CComponent->__get('email')
#1 D:\laragon\www\yii\jobtest\protected\models\LoginForm.php(54): UserIdentity->authenticate()
#2 D:\laragon\www\yii\framework\validators\CInlineValidator.php(42): LoginForm->authenticate('password', Array)
#3 D:\laragon\www\yii\framework\validators\CValidator.php(201): CInlineValidator->validateAttribute(Object(LoginForm), 'password')
#4 D:\laragon\www\yii\framework\base\CModel.php(159): CValidator->validate(Object(LoginForm), Array)
#5 D:\laragon\www\yii\jobtest\protected\controllers\LoginController.php(12): CModel->validate()
#6 D:\laragon\www\yii\framework\web\actions\CInlineAction.php(49): LoginController->actionIndex()
#7 D:\laragon\www\yii\framework\web\CController.php(308): CInlineAction->runWithParams(Array)
#8 D:\laragon\www\yii\framework\web\CController.php(286): CController->runAction(Object(CInlineAction))
#9 D:\laragon\www\yii\framework\web\CController.php(265): CController->runActionWithFilters(Object(CInlineAction), Array)
#10 D:\laragon\www\yii\framework\web\CWebApplication.php(282): CController->run('')
#11 D:\laragon\www\yii\framework\web\CWebApplication.php(141): CWebApplication->runController('login')
#12 D:\laragon\www\yii\framework\base\CApplication.php(185): CWebApplication->processRequest()
#13 D:\laragon\www\yii\jobtest\index.php(13): CApplication->run()
#14 {main}
REQUEST_URI=/jobtest/index.php?r=login
HTTP_REFERER=http://yii.test/jobtest/index.php?r=login
---
2024/12/26 17:50:06 [error] [exception.CException] CException: Property "UserIdentity.email" is not defined. in D:\laragon\www\yii\framework\base\CComponent.php:130
Stack trace:
#0 D:\laragon\www\yii\jobtest\protected\components\UserIdentity.php(20): CComponent->__get('email')
#1 D:\laragon\www\yii\jobtest\protected\models\LoginForm.php(54): UserIdentity->authenticate()
#2 D:\laragon\www\yii\framework\validators\CInlineValidator.php(42): LoginForm->authenticate('password', Array)
#3 D:\laragon\www\yii\framework\validators\CValidator.php(201): CInlineValidator->validateAttribute(Object(LoginForm), 'password')
#4 D:\laragon\www\yii\framework\base\CModel.php(159): CValidator->validate(Object(LoginForm), Array)
#5 D:\laragon\www\yii\jobtest\protected\controllers\LoginController.php(12): CModel->validate()
#6 D:\laragon\www\yii\framework\web\actions\CInlineAction.php(49): LoginController->actionIndex()
#7 D:\laragon\www\yii\framework\web\CController.php(308): CInlineAction->runWithParams(Array)
#8 D:\laragon\www\yii\framework\web\CController.php(286): CController->runAction(Object(CInlineAction))
#9 D:\laragon\www\yii\framework\web\CController.php(265): CController->runActionWithFilters(Object(CInlineAction), Array)
#10 D:\laragon\www\yii\framework\web\CWebApplication.php(282): CController->run('')
#11 D:\laragon\www\yii\framework\web\CWebApplication.php(141): CWebApplication->runController('login')
#12 D:\laragon\www\yii\framework\base\CApplication.php(185): CWebApplication->processRequest()
#13 D:\laragon\www\yii\jobtest\index.php(13): CApplication->run()
#14 {main}
REQUEST_URI=/jobtest/index.php?r=login
HTTP_REFERER=http://yii.test/jobtest/index.php?r=login
---
2024/12/26 17:51:58 [error] [exception.CException] CException: Property "UserIdentity.email" is not defined. in D:\laragon\www\yii\framework\base\CComponent.php:130
Stack trace:
#0 D:\laragon\www\yii\jobtest\protected\components\UserIdentity.php(20): CComponent->__get('email')
#1 D:\laragon\www\yii\jobtest\protected\models\LoginForm.php(55): UserIdentity->authenticate()
#2 D:\laragon\www\yii\framework\validators\CInlineValidator.php(42): LoginForm->authenticate('password', Array)
#3 D:\laragon\www\yii\framework\validators\CValidator.php(201): CInlineValidator->validateAttribute(Object(LoginForm), 'password')
#4 D:\laragon\www\yii\framework\base\CModel.php(159): CValidator->validate(Object(LoginForm), Array)
#5 D:\laragon\www\yii\jobtest\protected\controllers\LoginController.php(12): CModel->validate()
#6 D:\laragon\www\yii\framework\web\actions\CInlineAction.php(49): LoginController->actionIndex()
#7 D:\laragon\www\yii\framework\web\CController.php(308): CInlineAction->runWithParams(Array)
#8 D:\laragon\www\yii\framework\web\CController.php(286): CController->runAction(Object(CInlineAction))
#9 D:\laragon\www\yii\framework\web\CController.php(265): CController->runActionWithFilters(Object(CInlineAction), Array)
#10 D:\laragon\www\yii\framework\web\CWebApplication.php(282): CController->run('')
#11 D:\laragon\www\yii\framework\web\CWebApplication.php(141): CWebApplication->runController('login')
#12 D:\laragon\www\yii\framework\base\CApplication.php(185): CWebApplication->processRequest()
#13 D:\laragon\www\yii\jobtest\index.php(13): CApplication->run()
#14 {main}
REQUEST_URI=/jobtest/index.php?r=login
HTTP_REFERER=http://yii.test/jobtest/index.php?r=login
---
2024/12/26 17:52:02 [error] [exception.CException] CException: Property "UserIdentity.email" is not defined. in D:\laragon\www\yii\framework\base\CComponent.php:130
Stack trace:
#0 D:\laragon\www\yii\jobtest\protected\components\UserIdentity.php(20): CComponent->__get('email')
#1 D:\laragon\www\yii\jobtest\protected\models\LoginForm.php(55): UserIdentity->authenticate()
#2 D:\laragon\www\yii\framework\validators\CInlineValidator.php(42): LoginForm->authenticate('password', Array)
#3 D:\laragon\www\yii\framework\validators\CValidator.php(201): CInlineValidator->validateAttribute(Object(LoginForm), 'password')
#4 D:\laragon\www\yii\framework\base\CModel.php(159): CValidator->validate(Object(LoginForm), Array)
#5 D:\laragon\www\yii\jobtest\protected\controllers\LoginController.php(12): CModel->validate()
#6 D:\laragon\www\yii\framework\web\actions\CInlineAction.php(49): LoginController->actionIndex()
#7 D:\laragon\www\yii\framework\web\CController.php(308): CInlineAction->runWithParams(Array)
#8 D:\laragon\www\yii\framework\web\CController.php(286): CController->runAction(Object(CInlineAction))
#9 D:\laragon\www\yii\framework\web\CController.php(265): CController->runActionWithFilters(Object(CInlineAction), Array)
#10 D:\laragon\www\yii\framework\web\CWebApplication.php(282): CController->run('')
#11 D:\laragon\www\yii\framework\web\CWebApplication.php(141): CWebApplication->runController('login')
#12 D:\laragon\www\yii\framework\base\CApplication.php(185): CWebApplication->processRequest()
#13 D:\laragon\www\yii\jobtest\index.php(13): CApplication->run()
#14 {main}
REQUEST_URI=/jobtest/index.php?r=login
HTTP_REFERER=http://yii.test/jobtest/index.php?r=login
---
2024/12/26 17:53:15 [error] [exception.CException] CException: Property "UserIdentity.email" is not defined. in D:\laragon\www\yii\framework\base\CComponent.php:130
Stack trace:
#0 D:\laragon\www\yii\jobtest\protected\components\UserIdentity.php(23): CComponent->__get('email')
#1 D:\laragon\www\yii\jobtest\protected\models\LoginForm.php(55): UserIdentity->authenticate()
#2 D:\laragon\www\yii\framework\validators\CInlineValidator.php(42): LoginForm->authenticate('password', Array)
#3 D:\laragon\www\yii\framework\validators\CValidator.php(201): CInlineValidator->validateAttribute(Object(LoginForm), 'password')
#4 D:\laragon\www\yii\framework\base\CModel.php(159): CValidator->validate(Object(LoginForm), Array)
#5 D:\laragon\www\yii\jobtest\protected\controllers\LoginController.php(12): CModel->validate()
#6 D:\laragon\www\yii\framework\web\actions\CInlineAction.php(49): LoginController->actionIndex()
#7 D:\laragon\www\yii\framework\web\CController.php(308): CInlineAction->runWithParams(Array)
#8 D:\laragon\www\yii\framework\web\CController.php(286): CController->runAction(Object(CInlineAction))
#9 D:\laragon\www\yii\framework\web\CController.php(265): CController->runActionWithFilters(Object(CInlineAction), Array)
#10 D:\laragon\www\yii\framework\web\CWebApplication.php(282): CController->run('')
#11 D:\laragon\www\yii\framework\web\CWebApplication.php(141): CWebApplication->runController('login')
#12 D:\laragon\www\yii\framework\base\CApplication.php(185): CWebApplication->processRequest()
#13 D:\laragon\www\yii\jobtest\index.php(13): CApplication->run()
#14 {main}
REQUEST_URI=/jobtest/index.php?r=login
HTTP_REFERER=http://yii.test/jobtest/index.php?r=login
---
2024/12/26 17:54:00 [error] [exception.CException] CException: Property "UserIdentity.email" is not defined. in D:\laragon\www\yii\framework\base\CComponent.php:130
Stack trace:
#0 D:\laragon\www\yii\jobtest\protected\components\UserIdentity.php(22): CComponent->__get('email')
#1 D:\laragon\www\yii\jobtest\protected\models\LoginForm.php(55): UserIdentity->authenticate()
#2 D:\laragon\www\yii\framework\validators\CInlineValidator.php(42): LoginForm->authenticate('password', Array)
#3 D:\laragon\www\yii\framework\validators\CValidator.php(201): CInlineValidator->validateAttribute(Object(LoginForm), 'password')
#4 D:\laragon\www\yii\framework\base\CModel.php(159): CValidator->validate(Object(LoginForm), Array)
#5 D:\laragon\www\yii\jobtest\protected\controllers\LoginController.php(12): CModel->validate()
#6 D:\laragon\www\yii\framework\web\actions\CInlineAction.php(49): LoginController->actionIndex()
#7 D:\laragon\www\yii\framework\web\CController.php(308): CInlineAction->runWithParams(Array)
#8 D:\laragon\www\yii\framework\web\CController.php(286): CController->runAction(Object(CInlineAction))
#9 D:\laragon\www\yii\framework\web\CController.php(265): CController->runActionWithFilters(Object(CInlineAction), Array)
#10 D:\laragon\www\yii\framework\web\CWebApplication.php(282): CController->run('')
#11 D:\laragon\www\yii\framework\web\CWebApplication.php(141): CWebApplication->runController('login')
#12 D:\laragon\www\yii\framework\base\CApplication.php(185): CWebApplication->processRequest()
#13 D:\laragon\www\yii\jobtest\index.php(13): CApplication->run()
#14 {main}
REQUEST_URI=/jobtest/index.php?r=login
HTTP_REFERER=http://yii.test/jobtest/index.php?r=login
---
2024/12/26 17:54:12 [error] [exception.CException] CException: Property "UserIdentity.email" is not defined. in D:\laragon\www\yii\framework\base\CComponent.php:172
Stack trace:
#0 D:\laragon\www\yii\jobtest\protected\components\UserIdentity.php(15): CComponent->__set('email', 'sadsa@gmail.com')
#1 D:\laragon\www\yii\jobtest\protected\models\LoginForm.php(54): UserIdentity->__construct('sadsa@gmail.com', '213123')
#2 D:\laragon\www\yii\framework\validators\CInlineValidator.php(42): LoginForm->authenticate('password', Array)
#3 D:\laragon\www\yii\framework\validators\CValidator.php(201): CInlineValidator->validateAttribute(Object(LoginForm), 'password')
#4 D:\laragon\www\yii\framework\base\CModel.php(159): CValidator->validate(Object(LoginForm), Array)
#5 D:\laragon\www\yii\jobtest\protected\controllers\LoginController.php(12): CModel->validate()
#6 D:\laragon\www\yii\framework\web\actions\CInlineAction.php(49): LoginController->actionIndex()
#7 D:\laragon\www\yii\framework\web\CController.php(308): CInlineAction->runWithParams(Array)
#8 D:\laragon\www\yii\framework\web\CController.php(286): CController->runAction(Object(CInlineAction))
#9 D:\laragon\www\yii\framework\web\CController.php(265): CController->runActionWithFilters(Object(CInlineAction), Array)
#10 D:\laragon\www\yii\framework\web\CWebApplication.php(282): CController->run('')
#11 D:\laragon\www\yii\framework\web\CWebApplication.php(141): CWebApplication->runController('login')
#12 D:\laragon\www\yii\framework\base\CApplication.php(185): CWebApplication->processRequest()
#13 D:\laragon\www\yii\jobtest\index.php(13): CApplication->run()
#14 {main}
REQUEST_URI=/jobtest/index.php?r=login
HTTP_REFERER=http://yii.test/jobtest/index.php?r=login
---
2024/12/26 17:55:06 [error] [php] Undefined variable: user (D:\laragon\www\yii\jobtest\protected\components\UserIdentity.php:24)
Stack trace:
#0 D:\laragon\www\yii\jobtest\protected\models\LoginForm.php(55): UserIdentity->authenticate()
#1 D:\laragon\www\yii\framework\validators\CInlineValidator.php(42): LoginForm->authenticate()
#2 D:\laragon\www\yii\framework\validators\CValidator.php(201): CInlineValidator->validateAttribute()
#3 D:\laragon\www\yii\framework\base\CModel.php(159): CInlineValidator->validate()
#4 D:\laragon\www\yii\jobtest\protected\controllers\LoginController.php(12): LoginForm->validate()
#5 D:\laragon\www\yii\framework\web\actions\CInlineAction.php(49): LoginController->actionIndex()
#6 D:\laragon\www\yii\framework\web\CController.php(308): CInlineAction->runWithParams()
#7 D:\laragon\www\yii\framework\web\CController.php(286): LoginController->runAction()
#8 D:\laragon\www\yii\framework\web\CController.php(265): LoginController->runActionWithFilters()
#9 D:\laragon\www\yii\framework\web\CWebApplication.php(282): LoginController->run()
#10 D:\laragon\www\yii\framework\web\CWebApplication.php(141): CWebApplication->runController()
#11 D:\laragon\www\yii\framework\base\CApplication.php(185): CWebApplication->processRequest()
#12 D:\laragon\www\yii\jobtest\index.php(13): CWebApplication->run()
REQUEST_URI=/jobtest/index.php?r=login
in D:\laragon\www\yii\jobtest\protected\components\UserIdentity.php (24)
in D:\laragon\www\yii\jobtest\protected\models\LoginForm.php (55)
in D:\laragon\www\yii\jobtest\protected\controllers\LoginController.php (12)
2024/12/26 17:59:45 [error] [exception.CException] CException: Property "LoginForm.username" is not defined. in D:\laragon\www\yii\framework\base\CComponent.php:130
Stack trace:
#0 D:\laragon\www\yii\framework\web\helpers\CHtml.php(2784): CComponent->__get('username')
#1 D:\laragon\www\yii\framework\web\helpers\CHtml.php(2507): CHtml::resolveValue(Object(LoginForm), 'username')
#2 D:\laragon\www\yii\framework\web\helpers\CHtml.php(1554): CHtml::activeInputField('text', Object(LoginForm), 'username', Array)
#3 D:\laragon\www\yii\framework\web\widgets\CActiveForm.php(793): CHtml::activeTextField(Object(LoginForm), 'username', Array)
#4 D:\laragon\www\yii\jobtest\protected\views\site\login.php(29): CActiveForm->textField(Object(LoginForm), 'username')
#5 D:\laragon\www\yii\framework\web\CBaseController.php(126): require('D:\\laragon\\www\\...')
#6 D:\laragon\www\yii\framework\web\CBaseController.php(95): CBaseController->renderInternal('D:\\laragon\\www\\...', Array, true)
#7 D:\laragon\www\yii\framework\web\CController.php(872): CBaseController->renderFile('D:\\laragon\\www\\...', Array, true)
#8 D:\laragon\www\yii\framework\web\CController.php(785): CController->renderPartial('login', Array, true)
#9 D:\laragon\www\yii\jobtest\protected\controllers\SiteController.php(98): CController->render('login', Array)
#10 D:\laragon\www\yii\framework\web\actions\CInlineAction.php(49): SiteController->actionLogin()
#11 D:\laragon\www\yii\framework\web\CController.php(308): CInlineAction->runWithParams(Array)
#12 D:\laragon\www\yii\framework\web\CController.php(286): CController->runAction(Object(CInlineAction))
#13 D:\laragon\www\yii\framework\web\CController.php(265): CController->runActionWithFilters(Object(CInlineAction), Array)
#14 D:\laragon\www\yii\framework\web\CWebApplication.php(282): CController->run('login')
#15 D:\laragon\www\yii\framework\web\CWebApplication.php(141): CWebApplication->runController('site/login')
#16 D:\laragon\www\yii\framework\base\CApplication.php(185): CWebApplication->processRequest()
#17 D:\laragon\www\yii\jobtest\index.php(13): CApplication->run()
#18 {main}
REQUEST_URI=/jobtest/index.php?r=site/login
HTTP_REFERER=http://yii.test/jobtest/index.php?r=emp
---
2024/12/26 18:05:35 [error] [exception.CException] CException: Property "LoginForm.username" is not defined. in D:\laragon\www\yii\framework\base\CComponent.php:130
Stack trace:
#0 D:\laragon\www\yii\framework\web\helpers\CHtml.php(2784): CComponent->__get('username')
#1 D:\laragon\www\yii\framework\web\helpers\CHtml.php(2507): CHtml::resolveValue(Object(LoginForm), 'username')
#2 D:\laragon\www\yii\framework\web\helpers\CHtml.php(1554): CHtml::activeInputField('text', Object(LoginForm), 'username', Array)
#3 D:\laragon\www\yii\framework\web\widgets\CActiveForm.php(793): CHtml::activeTextField(Object(LoginForm), 'username', Array)
#4 D:\laragon\www\yii\jobtest\protected\views\site\login.php(29): CActiveForm->textField(Object(LoginForm), 'username')
#5 D:\laragon\www\yii\framework\web\CBaseController.php(126): require('D:\\laragon\\www\\...')
#6 D:\laragon\www\yii\framework\web\CBaseController.php(95): CBaseController->renderInternal('D:\\laragon\\www\\...', Array, true)
#7 D:\laragon\www\yii\framework\web\CController.php(872): CBaseController->renderFile('D:\\laragon\\www\\...', Array, true)
#8 D:\laragon\www\yii\framework\web\CController.php(785): CController->renderPartial('login', Array, true)
#9 D:\laragon\www\yii\jobtest\protected\controllers\SiteController.php(98): CController->render('login', Array)
#10 D:\laragon\www\yii\framework\web\actions\CInlineAction.php(49): SiteController->actionLogin()
#11 D:\laragon\www\yii\framework\web\CController.php(308): CInlineAction->runWithParams(Array)
#12 D:\laragon\www\yii\framework\web\CController.php(286): CController->runAction(Object(CInlineAction))
#13 D:\laragon\www\yii\framework\web\CController.php(265): CController->runActionWithFilters(Object(CInlineAction), Array)
#14 D:\laragon\www\yii\framework\web\CWebApplication.php(282): CController->run('login')
#15 D:\laragon\www\yii\framework\web\CWebApplication.php(141): CWebApplication->runController('site/login')
#16 D:\laragon\www\yii\framework\base\CApplication.php(185): CWebApplication->processRequest()
#17 D:\laragon\www\yii\jobtest\index.php(13): CApplication->run()
#18 {main}
REQUEST_URI=/jobtest/index.php?r=site/login
HTTP_REFERER=http://yii.test/jobtest/index.php?r=emp
---
2024/12/26 18:13:46 [error] [system.db.CDbCommand] CDbCommand::execute() failed: SQLSTATE[23000]: Integrity constraint violation: 1062 Duplicate entry 'ahsan@gmail.com' for key 'emp.email'. The SQL statement executed was: INSERT INTO `emp` (`name`, `email`, `password`) VALUES (:yp0, :yp1, :yp2).
in D:\laragon\www\yii\jobtest\protected\controllers\EmpController.php (73)
in D:\laragon\www\yii\jobtest\index.php (13)
2024/12/26 18:13:46 [error] [exception.CDbException] CDbException: CDbCommand failed to execute the SQL statement: SQLSTATE[23000]: Integrity constraint violation: 1062 Duplicate entry 'ahsan@gmail.com' for key 'emp.email'. The SQL statement executed was: INSERT INTO `emp` (`name`, `email`, `password`) VALUES (:yp0, :yp1, :yp2) in D:\laragon\www\yii\framework\db\CDbCommand.php:358
Stack trace:
#0 D:\laragon\www\yii\framework\db\ar\CActiveRecord.php(1083): CDbCommand->execute()
#1 D:\laragon\www\yii\framework\db\ar\CActiveRecord.php(811): CActiveRecord->insert(NULL)
#2 D:\laragon\www\yii\jobtest\protected\controllers\EmpController.php(73): CActiveRecord->save()
#3 D:\laragon\www\yii\framework\web\actions\CInlineAction.php(49): EmpController->actionCreate()
#4 D:\laragon\www\yii\framework\web\CController.php(308): CInlineAction->runWithParams(Array)
#5 D:\laragon\www\yii\framework\web\filters\CFilterChain.php(134): CController->runAction(Object(CInlineAction))
#6 D:\laragon\www\yii\framework\web\filters\CFilter.php(40): CFilterChain->run()
#7 D:\laragon\www\yii\framework\web\CController.php(1148): CFilter->filter(Object(CFilterChain))
#8 D:\laragon\www\yii\framework\web\filters\CInlineFilter.php(58): CController->filterAccessControl(Object(CFilterChain))
#9 D:\laragon\www\yii\framework\web\filters\CFilterChain.php(131): CInlineFilter->filter(Object(CFilterChain))
#10 D:\laragon\www\yii\framework\web\CController.php(291): CFilterChain->run()
#11 D:\laragon\www\yii\framework\web\CController.php(265): CController->runActionWithFilters(Object(CInlineAction), Array)
#12 D:\laragon\www\yii\framework\web\CWebApplication.php(282): CController->run('create')
#13 D:\laragon\www\yii\framework\web\CWebApplication.php(141): CWebApplication->runController('emp/create')
#14 D:\laragon\www\yii\framework\base\CApplication.php(185): CWebApplication->processRequest()
#15 D:\laragon\www\yii\jobtest\index.php(13): CApplication->run()
#16 {main}
REQUEST_URI=/jobtest/index.php?r=emp/create
HTTP_REFERER=http://yii.test/jobtest/index.php?r=emp/create
---
2024/12/26 18:14:06 [error] [exception.CHttpException.403] CHttpException: You are not authorized to perform this action. in D:\laragon\www\yii\framework\web\auth\CAccessControlFilter.php:183
Stack trace:
#0 D:\laragon\www\yii\framework\web\auth\CAccessControlFilter.php(145): CAccessControlFilter->accessDenied(Object(CWebUser), 'You are not aut...')
#1 D:\laragon\www\yii\framework\web\filters\CFilter.php(38): CAccessControlFilter->preFilter(Object(CFilterChain))
#2 D:\laragon\www\yii\framework\web\CController.php(1148): CFilter->filter(Object(CFilterChain))
#3 D:\laragon\www\yii\framework\web\filters\CInlineFilter.php(58): CController->filterAccessControl(Object(CFilterChain))
#4 D:\laragon\www\yii\framework\web\filters\CFilterChain.php(131): CInlineFilter->filter(Object(CFilterChain))
#5 D:\laragon\www\yii\framework\web\CController.php(291): CFilterChain->run()
#6 D:\laragon\www\yii\framework\web\CController.php(265): CController->runActionWithFilters(Object(CInlineAction), Array)
#7 D:\laragon\www\yii\framework\web\CWebApplication.php(282): CController->run('admin')
#8 D:\laragon\www\yii\framework\web\CWebApplication.php(141): CWebApplication->runController('emp/admin')
#9 D:\laragon\www\yii\framework\base\CApplication.php(185): CWebApplication->processRequest()
#10 D:\laragon\www\yii\jobtest\index.php(13): CApplication->run()
#11 {main}
REQUEST_URI=/jobtest/index.php?r=emp/admin
HTTP_REFERER=http://yii.test/jobtest/index.php?r=emp/create
---
2024/12/26 18:14:32 [error] [system.db.CDbCommand] CDbCommand::execute() failed: SQLSTATE[23000]: Integrity constraint violation: 1062 Duplicate entry 'ahsan@gmail.com' for key 'emp.email'. The SQL statement executed was: INSERT INTO `emp` (`name`, `email`, `password`) VALUES (:yp0, :yp1, :yp2).
in D:\laragon\www\yii\jobtest\protected\controllers\EmpController.php (73)
in D:\laragon\www\yii\jobtest\index.php (13)
2024/12/26 18:14:32 [error] [exception.CDbException] CDbException: CDbCommand failed to execute the SQL statement: SQLSTATE[23000]: Integrity constraint violation: 1062 Duplicate entry 'ahsan@gmail.com' for key 'emp.email'. The SQL statement executed was: INSERT INTO `emp` (`name`, `email`, `password`) VALUES (:yp0, :yp1, :yp2) in D:\laragon\www\yii\framework\db\CDbCommand.php:358
Stack trace:
#0 D:\laragon\www\yii\framework\db\ar\CActiveRecord.php(1083): CDbCommand->execute()
#1 D:\laragon\www\yii\framework\db\ar\CActiveRecord.php(811): CActiveRecord->insert(NULL)
#2 D:\laragon\www\yii\jobtest\protected\controllers\EmpController.php(73): CActiveRecord->save()
#3 D:\laragon\www\yii\framework\web\actions\CInlineAction.php(49): EmpController->actionCreate()
#4 D:\laragon\www\yii\framework\web\CController.php(308): CInlineAction->runWithParams(Array)
#5 D:\laragon\www\yii\framework\web\filters\CFilterChain.php(134): CController->runAction(Object(CInlineAction))
#6 D:\laragon\www\yii\framework\web\filters\CFilter.php(40): CFilterChain->run()
#7 D:\laragon\www\yii\framework\web\CController.php(1148): CFilter->filter(Object(CFilterChain))
#8 D:\laragon\www\yii\framework\web\filters\CInlineFilter.php(58): CController->filterAccessControl(Object(CFilterChain))
#9 D:\laragon\www\yii\framework\web\filters\CFilterChain.php(131): CInlineFilter->filter(Object(CFilterChain))
#10 D:\laragon\www\yii\framework\web\CController.php(291): CFilterChain->run()
#11 D:\laragon\www\yii\framework\web\CController.php(265): CController->runActionWithFilters(Object(CInlineAction), Array)
#12 D:\laragon\www\yii\framework\web\CWebApplication.php(282): CController->run('create')
#13 D:\laragon\www\yii\framework\web\CWebApplication.php(141): CWebApplication->runController('emp/create')
#14 D:\laragon\www\yii\framework\base\CApplication.php(185): CWebApplication->processRequest()
#15 D:\laragon\www\yii\jobtest\index.php(13): CApplication->run()
#16 {main}
REQUEST_URI=/jobtest/index.php?r=emp/create
HTTP_REFERER=http://yii.test/jobtest/index.php?r=emp/create
---
2024/12/26 18:15:23 [error] [system.db.CDbCommand] CDbCommand::execute() failed: SQLSTATE[23000]: Integrity constraint violation: 1062 Duplicate entry 'ahsan@gmail.com' for key 'emp.email'. The SQL statement executed was: INSERT INTO `emp` (`name`, `email`, `password`) VALUES (:yp0, :yp1, :yp2).
in D:\laragon\www\yii\jobtest\protected\controllers\EmpController.php (73)
in D:\laragon\www\yii\jobtest\index.php (13)
2024/12/26 18:15:23 [error] [exception.CDbException] CDbException: CDbCommand failed to execute the SQL statement: SQLSTATE[23000]: Integrity constraint violation: 1062 Duplicate entry 'ahsan@gmail.com' for key 'emp.email'. The SQL statement executed was: INSERT INTO `emp` (`name`, `email`, `password`) VALUES (:yp0, :yp1, :yp2) in D:\laragon\www\yii\framework\db\CDbCommand.php:358
Stack trace:
#0 D:\laragon\www\yii\framework\db\ar\CActiveRecord.php(1083): CDbCommand->execute()
#1 D:\laragon\www\yii\framework\db\ar\CActiveRecord.php(811): CActiveRecord->insert(NULL)
#2 D:\laragon\www\yii\jobtest\protected\controllers\EmpController.php(73): CActiveRecord->save()
#3 D:\laragon\www\yii\framework\web\actions\CInlineAction.php(49): EmpController->actionCreate()
#4 D:\laragon\www\yii\framework\web\CController.php(308): CInlineAction->runWithParams(Array)
#5 D:\laragon\www\yii\framework\web\filters\CFilterChain.php(134): CController->runAction(Object(CInlineAction))
#6 D:\laragon\www\yii\framework\web\filters\CFilter.php(40): CFilterChain->run()
#7 D:\laragon\www\yii\framework\web\CController.php(1148): CFilter->filter(Object(CFilterChain))
#8 D:\laragon\www\yii\framework\web\filters\CInlineFilter.php(58): CController->filterAccessControl(Object(CFilterChain))
#9 D:\laragon\www\yii\framework\web\filters\CFilterChain.php(131): CInlineFilter->filter(Object(CFilterChain))
#10 D:\laragon\www\yii\framework\web\CController.php(291): CFilterChain->run()
#11 D:\laragon\www\yii\framework\web\CController.php(265): CController->runActionWithFilters(Object(CInlineAction), Array)
#12 D:\laragon\www\yii\framework\web\CWebApplication.php(282): CController->run('create')
#13 D:\laragon\www\yii\framework\web\CWebApplication.php(141): CWebApplication->runController('emp/create')
#14 D:\laragon\www\yii\framework\base\CApplication.php(185): CWebApplication->processRequest()
#15 D:\laragon\www\yii\jobtest\index.php(13): CApplication->run()
#16 {main}
REQUEST_URI=/jobtest/index.php?r=emp/create
HTTP_REFERER=http://yii.test/jobtest/index.php?r=emp/create
---
2024/12/26 18:16:54 [error] [exception.CHttpException.403] CHttpException: You are not authorized to perform this action. in D:\laragon\www\yii\framework\web\auth\CAccessControlFilter.php:183
Stack trace:
#0 D:\laragon\www\yii\framework\web\auth\CAccessControlFilter.php(145): CAccessControlFilter->accessDenied(Object(CWebUser), 'You are not aut...')
#1 D:\laragon\www\yii\framework\web\filters\CFilter.php(38): CAccessControlFilter->preFilter(Object(CFilterChain))
#2 D:\laragon\www\yii\framework\web\CController.php(1148): CFilter->filter(Object(CFilterChain))
#3 D:\laragon\www\yii\framework\web\filters\CInlineFilter.php(58): CController->filterAccessControl(Object(CFilterChain))
#4 D:\laragon\www\yii\framework\web\filters\CFilterChain.php(131): CInlineFilter->filter(Object(CFilterChain))
#5 D:\laragon\www\yii\framework\web\CController.php(291): CFilterChain->run()
#6 D:\laragon\www\yii\framework\web\CController.php(265): CController->runActionWithFilters(Object(CInlineAction), Array)
#7 D:\laragon\www\yii\framework\web\CWebApplication.php(282): CController->run('admin')
#8 D:\laragon\www\yii\framework\web\CWebApplication.php(141): CWebApplication->runController('emp/admin')
#9 D:\laragon\www\yii\framework\base\CApplication.php(185): CWebApplication->processRequest()
#10 D:\laragon\www\yii\jobtest\index.php(13): CApplication->run()
#11 {main}
REQUEST_URI=/jobtest/index.php?r=emp/admin
HTTP_REFERER=http://yii.test/jobtest/index.php?r=emp/index
---
2024/12/26 18:17:05 [error] [exception.CHttpException.403] CHttpException: You are not authorized to perform this action. in D:\laragon\www\yii\framework\web\auth\CAccessControlFilter.php:183
Stack trace:
#0 D:\laragon\www\yii\framework\web\auth\CAccessControlFilter.php(145): CAccessControlFilter->accessDenied(Object(CWebUser), 'You are not aut...')
#1 D:\laragon\www\yii\framework\web\filters\CFilter.php(38): CAccessControlFilter->preFilter(Object(CFilterChain))
#2 D:\laragon\www\yii\framework\web\CController.php(1148): CFilter->filter(Object(CFilterChain))
#3 D:\laragon\www\yii\framework\web\filters\CInlineFilter.php(58): CController->filterAccessControl(Object(CFilterChain))
#4 D:\laragon\www\yii\framework\web\filters\CFilterChain.php(131): CInlineFilter->filter(Object(CFilterChain))
#5 D:\laragon\www\yii\framework\web\CController.php(291): CFilterChain->run()
#6 D:\laragon\www\yii\framework\web\CController.php(265): CController->runActionWithFilters(Object(CInlineAction), Array)
#7 D:\laragon\www\yii\framework\web\CWebApplication.php(282): CController->run('admin')
#8 D:\laragon\www\yii\framework\web\CWebApplication.php(141): CWebApplication->runController('emp/admin')
#9 D:\laragon\www\yii\framework\base\CApplication.php(185): CWebApplication->processRequest()
#10 D:\laragon\www\yii\jobtest\index.php(13): CApplication->run()
#11 {main}
REQUEST_URI=/jobtest/index.php?r=emp/admin
HTTP_REFERER=http://yii.test/jobtest/index.php?r=emp/view&id=5
---
2024/12/26 18:17:40 [error] [exception.CHttpException.403] CHttpException: You are not authorized to perform this action. in D:\laragon\www\yii\framework\web\auth\CAccessControlFilter.php:183
Stack trace:
#0 D:\laragon\www\yii\framework\web\auth\CAccessControlFilter.php(145): CAccessControlFilter->accessDenied(Object(CWebUser), 'You are not aut...')
#1 D:\laragon\www\yii\framework\web\filters\CFilter.php(38): CAccessControlFilter->preFilter(Object(CFilterChain))
#2 D:\laragon\www\yii\framework\web\CController.php(1148): CFilter->filter(Object(CFilterChain))
#3 D:\laragon\www\yii\framework\web\filters\CInlineFilter.php(58): CController->filterAccessControl(Object(CFilterChain))
#4 D:\laragon\www\yii\framework\web\filters\CFilterChain.php(131): CInlineFilter->filter(Object(CFilterChain))
#5 D:\laragon\www\yii\framework\web\CController.php(291): CFilterChain->run()
#6 D:\laragon\www\yii\framework\web\CController.php(265): CController->runActionWithFilters(Object(CInlineAction), Array)
#7 D:\laragon\www\yii\framework\web\CWebApplication.php(282): CController->run('delete')
#8 D:\laragon\www\yii\framework\web\CWebApplication.php(141): CWebApplication->runController('emp/delete')
#9 D:\laragon\www\yii\framework\base\CApplication.php(185): CWebApplication->processRequest()
#10 D:\laragon\www\yii\jobtest\index.php(13): CApplication->run()
#11 {main}
REQUEST_URI=/jobtest/index.php?r=emp/delete&id=5
HTTP_REFERER=http://yii.test/jobtest/index.php?r=emp/view&id=5
---
2024/12/26 18:21:50 [error] [exception.CException] CException: Emp and its behaviors do not have a method or closure named "isAttributeChanged". in D:\laragon\www\yii\framework\base\CComponent.php:264
Stack trace:
#0 D:\laragon\www\yii\framework\db\ar\CActiveRecord.php(229): CComponent->__call('isAttributeChan...', Array)
#1 D:\laragon\www\yii\jobtest\protected\models\Emp.php(105): CActiveRecord->__call('isAttributeChan...', Array)
#2 D:\laragon\www\yii\framework\db\ar\CActiveRecord.php(1125): Emp->beforeSave()
#3 D:\laragon\www\yii\framework\db\ar\CActiveRecord.php(811): CActiveRecord->update(NULL)
#4 D:\laragon\www\yii\jobtest\protected\controllers\EmpController.php(97): CActiveRecord->save()
#5 [internal function]: EmpController->actionUpdate('6')
#6 D:\laragon\www\yii\framework\web\actions\CAction.php(114): ReflectionMethod->invokeArgs(Object(EmpController), Array)
#7 D:\laragon\www\yii\framework\web\actions\CInlineAction.php(47): CAction->runWithParamsInternal(Object(EmpController), Object(ReflectionMethod), Array)
#8 D:\laragon\www\yii\framework\web\CController.php(308): CInlineAction->runWithParams(Array)
#9 D:\laragon\www\yii\framework\web\filters\CFilterChain.php(134): CController->runAction(Object(CInlineAction))
#10 D:\laragon\www\yii\framework\web\filters\CFilter.php(40): CFilterChain->run()
#11 D:\laragon\www\yii\framework\web\CController.php(1148): CFilter->filter(Object(CFilterChain))
#12 D:\laragon\www\yii\framework\web\filters\CInlineFilter.php(58): CController->filterAccessControl(Object(CFilterChain))
#13 D:\laragon\www\yii\framework\web\filters\CFilterChain.php(131): CInlineFilter->filter(Object(CFilterChain))
#14 D:\laragon\www\yii\framework\web\CController.php(291): CFilterChain->run()
#15 D:\laragon\www\yii\framework\web\CController.php(265): CController->runActionWithFilters(Object(CInlineAction), Array)
#16 D:\laragon\www\yii\framework\web\CWebApplication.php(282): CController->run('update')
#17 D:\laragon\www\yii\framework\web\CWebApplication.php(141): CWebApplication->runController('emp/update')
#18 D:\laragon\www\yii\framework\base\CApplication.php(185): CWebApplication->processRequest()
#19 D:\laragon\www\yii\jobtest\index.php(13): CApplication->run()
#20 {main}
REQUEST_URI=/jobtest/index.php?r=emp/update&id=6
HTTP_REFERER=http://yii.test/jobtest/index.php?r=emp/update&id=6
---
2024/12/26 18:25:35 [error] [exception.CHttpException.403] CHttpException: You are not authorized to perform this action. in D:\laragon\www\yii\framework\web\auth\CAccessControlFilter.php:183
Stack trace:
#0 D:\laragon\www\yii\framework\web\auth\CAccessControlFilter.php(145): CAccessControlFilter->accessDenied(Object(CWebUser), 'You are not aut...')
#1 D:\laragon\www\yii\framework\web\filters\CFilter.php(38): CAccessControlFilter->preFilter(Object(CFilterChain))
#2 D:\laragon\www\yii\framework\web\CController.php(1148): CFilter->filter(Object(CFilterChain))
#3 D:\laragon\www\yii\framework\web\filters\CInlineFilter.php(58): CController->filterAccessControl(Object(CFilterChain))
#4 D:\laragon\www\yii\framework\web\filters\CFilterChain.php(131): CInlineFilter->filter(Object(CFilterChain))
#5 D:\laragon\www\yii\framework\web\CController.php(291): CFilterChain->run()
#6 D:\laragon\www\yii\framework\web\CController.php(265): CController->runActionWithFilters(Object(CInlineAction), Array)
#7 D:\laragon\www\yii\framework\web\CWebApplication.php(282): CController->run('admin')
#8 D:\laragon\www\yii\framework\web\CWebApplication.php(141): CWebApplication->runController('emp/admin')
#9 D:\laragon\www\yii\framework\base\CApplication.php(185): CWebApplication->processRequest()
#10 D:\laragon\www\yii\jobtest\index.php(13): CApplication->run()
#11 {main}
REQUEST_URI=/jobtest/index.php?r=emp/admin
HTTP_REFERER=http://yii.test/jobtest/index.php?r=emp/index
---
2024/12/26 18:38:07 [error] [exception.CHttpException.403] CHttpException: You are not authorized to perform this action. in D:\laragon\www\yii\framework\web\auth\CAccessControlFilter.php:183
Stack trace:
#0 D:\laragon\www\yii\framework\web\auth\CAccessControlFilter.php(145): CAccessControlFilter->accessDenied(Object(CWebUser), 'You are not aut...')
#1 D:\laragon\www\yii\framework\web\filters\CFilter.php(38): CAccessControlFilter->preFilter(Object(CFilterChain))
#2 D:\laragon\www\yii\framework\web\CController.php(1148): CFilter->filter(Object(CFilterChain))
#3 D:\laragon\www\yii\framework\web\filters\CInlineFilter.php(58): CController->filterAccessControl(Object(CFilterChain))
#4 D:\laragon\www\yii\framework\web\filters\CFilterChain.php(131): CInlineFilter->filter(Object(CFilterChain))
#5 D:\laragon\www\yii\framework\web\CController.php(291): CFilterChain->run()
#6 D:\laragon\www\yii\framework\web\CController.php(265): CController->runActionWithFilters(Object(CInlineAction), Array)
#7 D:\laragon\www\yii\framework\web\CWebApplication.php(282): CController->run('admin')
#8 D:\laragon\www\yii\framework\web\CWebApplication.php(141): CWebApplication->runController('emp/admin')
#9 D:\laragon\www\yii\framework\base\CApplication.php(185): CWebApplication->processRequest()
#10 D:\laragon\www\yii\jobtest\index.php(13): CApplication->run()
#11 {main}
REQUEST_URI=/jobtest/index.php?r=emp/admin
HTTP_REFERER=http://yii.test/jobtest/index.php?r=emp/index
---
2024/12/26 18:40:00 [error] [exception.CHttpException.403] CHttpException: You are not authorized to perform this action. in D:\laragon\www\yii\framework\web\auth\CAccessControlFilter.php:183
Stack trace:
#0 D:\laragon\www\yii\framework\web\auth\CAccessControlFilter.php(145): CAccessControlFilter->accessDenied(Object(CWebUser), 'You are not aut...')
#1 D:\laragon\www\yii\framework\web\filters\CFilter.php(38): CAccessControlFilter->preFilter(Object(CFilterChain))
#2 D:\laragon\www\yii\framework\web\CController.php(1148): CFilter->filter(Object(CFilterChain))
#3 D:\laragon\www\yii\framework\web\filters\CInlineFilter.php(58): CController->filterAccessControl(Object(CFilterChain))
#4 D:\laragon\www\yii\framework\web\filters\CFilterChain.php(131): CInlineFilter->filter(Object(CFilterChain))
#5 D:\laragon\www\yii\framework\web\CController.php(291): CFilterChain->run()
#6 D:\laragon\www\yii\framework\web\CController.php(265): CController->runActionWithFilters(Object(CInlineAction), Array)
#7 D:\laragon\www\yii\framework\web\CWebApplication.php(282): CController->run('admin')
#8 D:\laragon\www\yii\framework\web\CWebApplication.php(141): CWebApplication->runController('emp/admin')
#9 D:\laragon\www\yii\framework\base\CApplication.php(185): CWebApplication->processRequest()
#10 D:\laragon\www\yii\jobtest\index.php(13): CApplication->run()
#11 {main}
REQUEST_URI=/jobtest/index.php?r=emp/admin
HTTP_REFERER=http://yii.test/jobtest/index.php?r=emp/index
---
2024/12/26 18:44:13 [error] [exception.CHttpException.403] CHttpException: You are not authorized to perform this action. in D:\laragon\www\yii\framework\web\auth\CAccessControlFilter.php:183
Stack trace:
#0 D:\laragon\www\yii\framework\web\auth\CAccessControlFilter.php(145): CAccessControlFilter->accessDenied(Object(CWebUser), 'You are not aut...')
#1 D:\laragon\www\yii\framework\web\filters\CFilter.php(38): CAccessControlFilter->preFilter(Object(CFilterChain))
#2 D:\laragon\www\yii\framework\web\CController.php(1148): CFilter->filter(Object(CFilterChain))
#3 D:\laragon\www\yii\framework\web\filters\CInlineFilter.php(58): CController->filterAccessControl(Object(CFilterChain))
#4 D:\laragon\www\yii\framework\web\filters\CFilterChain.php(131): CInlineFilter->filter(Object(CFilterChain))
#5 D:\laragon\www\yii\framework\web\CController.php(291): CFilterChain->run()
#6 D:\laragon\www\yii\framework\web\CController.php(265): CController->runActionWithFilters(Object(CInlineAction), Array)
#7 D:\laragon\www\yii\framework\web\CWebApplication.php(282): CController->run('delete')
#8 D:\laragon\www\yii\framework\web\CWebApplication.php(141): CWebApplication->runController('emp/delete')
#9 D:\laragon\www\yii\framework\base\CApplication.php(185): CWebApplication->processRequest()
#10 D:\laragon\www\yii\jobtest\index.php(13): CApplication->run()
#11 {main}
REQUEST_URI=/jobtest/index.php?r=emp/delete&id=6
HTTP_REFERER=http://yii.test/jobtest/index.php?r=emp/view&id=6
---
2024/12/26 18:45:14 [error] [exception.CHttpException.403] CHttpException: You are not authorized to perform this action. in D:\laragon\www\yii\framework\web\auth\CAccessControlFilter.php:183
Stack trace:
#0 D:\laragon\www\yii\framework\web\auth\CAccessControlFilter.php(145): CAccessControlFilter->accessDenied(Object(CWebUser), 'You are not aut...')
#1 D:\laragon\www\yii\framework\web\filters\CFilter.php(38): CAccessControlFilter->preFilter(Object(CFilterChain))
#2 D:\laragon\www\yii\framework\web\CController.php(1148): CFilter->filter(Object(CFilterChain))
#3 D:\laragon\www\yii\framework\web\filters\CInlineFilter.php(58): CController->filterAccessControl(Object(CFilterChain))
#4 D:\laragon\www\yii\framework\web\filters\CFilterChain.php(131): CInlineFilter->filter(Object(CFilterChain))
#5 D:\laragon\www\yii\framework\web\CController.php(291): CFilterChain->run()
#6 D:\laragon\www\yii\framework\web\CController.php(265): CController->runActionWithFilters(Object(CInlineAction), Array)
#7 D:\laragon\www\yii\framework\web\CWebApplication.php(282): CController->run('admin')
#8 D:\laragon\www\yii\framework\web\CWebApplication.php(141): CWebApplication->runController('emp/admin')
#9 D:\laragon\www\yii\framework\base\CApplication.php(185): CWebApplication->processRequest()
#10 D:\laragon\www\yii\jobtest\index.php(13): CApplication->run()
#11 {main}
REQUEST_URI=/jobtest/index.php?r=emp/admin
HTTP_REFERER=http://yii.test/jobtest/index.php?r=emp/view&id=6
---
2024/12/26 18:48:58 [error] [exception.CHttpException.403] CHttpException: You are not authorized to perform this action. in D:\laragon\www\yii\framework\web\auth\CAccessControlFilter.php:183
Stack trace:
#0 D:\laragon\www\yii\framework\web\auth\CAccessControlFilter.php(145): CAccessControlFilter->accessDenied(Object(CWebUser), 'You are not aut...')
#1 D:\laragon\www\yii\framework\web\filters\CFilter.php(38): CAccessControlFilter->preFilter(Object(CFilterChain))
#2 D:\laragon\www\yii\framework\web\CController.php(1148): CFilter->filter(Object(CFilterChain))
#3 D:\laragon\www\yii\framework\web\filters\CInlineFilter.php(58): CController->filterAccessControl(Object(CFilterChain))
#4 D:\laragon\www\yii\framework\web\filters\CFilterChain.php(131): CInlineFilter->filter(Object(CFilterChain))
#5 D:\laragon\www\yii\framework\web\CController.php(291): CFilterChain->run()
#6 D:\laragon\www\yii\framework\web\CController.php(265): CController->runActionWithFilters(Object(CInlineAction), Array)
#7 D:\laragon\www\yii\framework\web\CWebApplication.php(282): CController->run('admin')
#8 D:\laragon\www\yii\framework\web\CWebApplication.php(141): CWebApplication->runController('emp/admin')
#9 D:\laragon\www\yii\framework\base\CApplication.php(185): CWebApplication->processRequest()
#10 D:\laragon\www\yii\jobtest\index.php(13): CApplication->run()
#11 {main}
REQUEST_URI=/jobtest/index.php?r=emp/admin
HTTP_REFERER=http://yii.test/jobtest/index.php?r=emp/view&id=6
---
2024/12/26 18:48:58 [error] [exception.CHttpException.403] CHttpException: You are not authorized to perform this action. in D:\laragon\www\yii\framework\web\auth\CAccessControlFilter.php:183
Stack trace:
#0 D:\laragon\www\yii\framework\web\auth\CAccessControlFilter.php(145): CAccessControlFilter->accessDenied(Object(CWebUser), 'You are not aut...')
#1 D:\laragon\www\yii\framework\web\filters\CFilter.php(38): CAccessControlFilter->preFilter(Object(CFilterChain))
#2 D:\laragon\www\yii\framework\web\CController.php(1148): CFilter->filter(Object(CFilterChain))
#3 D:\laragon\www\yii\framework\web\filters\CInlineFilter.php(58): CController->filterAccessControl(Object(CFilterChain))
#4 D:\laragon\www\yii\framework\web\filters\CFilterChain.php(131): CInlineFilter->filter(Object(CFilterChain))
#5 D:\laragon\www\yii\framework\web\CController.php(291): CFilterChain->run()
#6 D:\laragon\www\yii\framework\web\CController.php(265): CController->runActionWithFilters(Object(CInlineAction), Array)
#7 D:\laragon\www\yii\framework\web\CWebApplication.php(282): CController->run('admin')
#8 D:\laragon\www\yii\framework\web\CWebApplication.php(141): CWebApplication->runController('emp/admin')
#9 D:\laragon\www\yii\framework\base\CApplication.php(185): CWebApplication->processRequest()
#10 D:\laragon\www\yii\jobtest\index.php(13): CApplication->run()
#11 {main}
REQUEST_URI=/jobtest/index.php?r=emp/admin
HTTP_REFERER=http://yii.test/jobtest/index.php?r=emp/view&id=6
---
2024/12/26 18:48:59 [error] [exception.CHttpException.403] CHttpException: You are not authorized to perform this action. in D:\laragon\www\yii\framework\web\auth\CAccessControlFilter.php:183
Stack trace:
#0 D:\laragon\www\yii\framework\web\auth\CAccessControlFilter.php(145): CAccessControlFilter->accessDenied(Object(CWebUser), 'You are not aut...')
#1 D:\laragon\www\yii\framework\web\filters\CFilter.php(38): CAccessControlFilter->preFilter(Object(CFilterChain))
#2 D:\laragon\www\yii\framework\web\CController.php(1148): CFilter->filter(Object(CFilterChain))
#3 D:\laragon\www\yii\framework\web\filters\CInlineFilter.php(58): CController->filterAccessControl(Object(CFilterChain))
#4 D:\laragon\www\yii\framework\web\filters\CFilterChain.php(131): CInlineFilter->filter(Object(CFilterChain))
#5 D:\laragon\www\yii\framework\web\CController.php(291): CFilterChain->run()
#6 D:\laragon\www\yii\framework\web\CController.php(265): CController->runActionWithFilters(Object(CInlineAction), Array)
#7 D:\laragon\www\yii\framework\web\CWebApplication.php(282): CController->run('admin')
#8 D:\laragon\www\yii\framework\web\CWebApplication.php(141): CWebApplication->runController('emp/admin')
#9 D:\laragon\www\yii\framework\base\CApplication.php(185): CWebApplication->processRequest()
#10 D:\laragon\www\yii\jobtest\index.php(13): CApplication->run()
#11 {main}
REQUEST_URI=/jobtest/index.php?r=emp/admin
HTTP_REFERER=http://yii.test/jobtest/index.php?r=emp/view&id=6
---
2024/12/26 18:49:01 [error] [exception.CHttpException.404] CHttpException: The requested page does not exist. in D:\laragon\www\yii\jobtest\protected\controllers\EmpController.php:157
Stack trace:
#0 D:\laragon\www\yii\jobtest\protected\controllers\EmpController.php(55): EmpController->loadModel('6')
#1 [internal function]: EmpController->actionView('6')
#2 D:\laragon\www\yii\framework\web\actions\CAction.php(114): ReflectionMethod->invokeArgs(Object(EmpController), Array)
#3 D:\laragon\www\yii\framework\web\actions\CInlineAction.php(47): CAction->runWithParamsInternal(Object(EmpController), Object(ReflectionMethod), Array)
#4 D:\laragon\www\yii\framework\web\CController.php(308): CInlineAction->runWithParams(Array)
#5 D:\laragon\www\yii\framework\web\filters\CFilterChain.php(134): CController->runAction(Object(CInlineAction))
#6 D:\laragon\www\yii\framework\web\filters\CFilter.php(40): CFilterChain->run()
#7 D:\laragon\www\yii\framework\web\CController.php(1148): CFilter->filter(Object(CFilterChain))
#8 D:\laragon\www\yii\framework\web\filters\CInlineFilter.php(58): CController->filterAccessControl(Object(CFilterChain))
#9 D:\laragon\www\yii\framework\web\filters\CFilterChain.php(131): CInlineFilter->filter(Object(CFilterChain))
#10 D:\laragon\www\yii\framework\web\CController.php(291): CFilterChain->run()
#11 D:\laragon\www\yii\framework\web\CController.php(265): CController->runActionWithFilters(Object(CInlineAction), Array)
#12 D:\laragon\www\yii\framework\web\CWebApplication.php(282): CController->run('view')
#13 D:\laragon\www\yii\framework\web\CWebApplication.php(141): CWebApplication->runController('emp/view')
#14 D:\laragon\www\yii\framework\base\CApplication.php(185): CWebApplication->processRequest()
#15 D:\laragon\www\yii\jobtest\index.php(13): CApplication->run()
#16 {main}
REQUEST_URI=/jobtest/index.php?r=emp/view&id=6
HTTP_REFERER=http://yii.test/jobtest/index.php?r=emp/index
---
2024/12/26 18:49:19 [error] [exception.CHttpException.403] CHttpException: You are not authorized to perform this action. in D:\laragon\www\yii\framework\web\auth\CAccessControlFilter.php:183
Stack trace:
#0 D:\laragon\www\yii\framework\web\auth\CAccessControlFilter.php(145): CAccessControlFilter->accessDenied(Object(CWebUser), 'You are not aut...')
#1 D:\laragon\www\yii\framework\web\filters\CFilter.php(38): CAccessControlFilter->preFilter(Object(CFilterChain))
#2 D:\laragon\www\yii\framework\web\CController.php(1148): CFilter->filter(Object(CFilterChain))
#3 D:\laragon\www\yii\framework\web\filters\CInlineFilter.php(58): CController->filterAccessControl(Object(CFilterChain))
#4 D:\laragon\www\yii\framework\web\filters\CFilterChain.php(131): CInlineFilter->filter(Object(CFilterChain))
#5 D:\laragon\www\yii\framework\web\CController.php(291): CFilterChain->run()
#6 D:\laragon\www\yii\framework\web\CController.php(265): CController->runActionWithFilters(Object(CInlineAction), Array)
#7 D:\laragon\www\yii\framework\web\CWebApplication.php(282): CController->run('admin')
#8 D:\laragon\www\yii\framework\web\CWebApplication.php(141): CWebApplication->runController('emp/admin')
#9 D:\laragon\www\yii\framework\base\CApplication.php(185): CWebApplication->processRequest()
#10 D:\laragon\www\yii\jobtest\index.php(13): CApplication->run()
#11 {main}
REQUEST_URI=/jobtest/index.php?r=emp/admin
HTTP_REFERER=http://yii.test/jobtest/index.php?r=emp/view&id=5
---
2024/12/26 18:49:25 [error] [exception.CHttpException.404] CHttpException: The requested page does not exist. in D:\laragon\www\yii\jobtest\protected\controllers\EmpController.php:157
Stack trace:
#0 D:\laragon\www\yii\jobtest\protected\controllers\EmpController.php(55): EmpController->loadModel('5')
#1 [internal function]: EmpController->actionView('5')
#2 D:\laragon\www\yii\framework\web\actions\CAction.php(114): ReflectionMethod->invokeArgs(Object(EmpController), Array)
#3 D:\laragon\www\yii\framework\web\actions\CInlineAction.php(47): CAction->runWithParamsInternal(Object(EmpController), Object(ReflectionMethod), Array)
#4 D:\laragon\www\yii\framework\web\CController.php(308): CInlineAction->runWithParams(Array)
#5 D:\laragon\www\yii\framework\web\filters\CFilterChain.php(134): CController->runAction(Object(CInlineAction))
#6 D:\laragon\www\yii\framework\web\filters\CFilter.php(40): CFilterChain->run()
#7 D:\laragon\www\yii\framework\web\CController.php(1148): CFilter->filter(Object(CFilterChain))
#8 D:\laragon\www\yii\framework\web\filters\CInlineFilter.php(58): CController->filterAccessControl(Object(CFilterChain))
#9 D:\laragon\www\yii\framework\web\filters\CFilterChain.php(131): CInlineFilter->filter(Object(CFilterChain))
#10 D:\laragon\www\yii\framework\web\CController.php(291): CFilterChain->run()
#11 D:\laragon\www\yii\framework\web\CController.php(265): CController->runActionWithFilters(Object(CInlineAction), Array)
#12 D:\laragon\www\yii\framework\web\CWebApplication.php(282): CController->run('view')
#13 D:\laragon\www\yii\framework\web\CWebApplication.php(141): CWebApplication->runController('emp/view')
#14 D:\laragon\www\yii\framework\base\CApplication.php(185): CWebApplication->processRequest()
#15 D:\laragon\www\yii\jobtest\index.php(13): CApplication->run()
#16 {main}
REQUEST_URI=/jobtest/index.php?r=emp/view&id=5
HTTP_REFERER=http://yii.test/jobtest/index.php?r=emp/index
---
2024/12/26 18:50:17 [error] [exception.CHttpException.403] CHttpException: You are not authorized to perform this action. in D:\laragon\www\yii\framework\web\auth\CAccessControlFilter.php:183
Stack trace:
#0 D:\laragon\www\yii\framework\web\auth\CAccessControlFilter.php(145): CAccessControlFilter->accessDenied(Object(CWebUser), 'You are not aut...')
#1 D:\laragon\www\yii\framework\web\filters\CFilter.php(38): CAccessControlFilter->preFilter(Object(CFilterChain))
#2 D:\laragon\www\yii\framework\web\CController.php(1148): CFilter->filter(Object(CFilterChain))
#3 D:\laragon\www\yii\framework\web\filters\CInlineFilter.php(58): CController->filterAccessControl(Object(CFilterChain))
#4 D:\laragon\www\yii\framework\web\filters\CFilterChain.php(131): CInlineFilter->filter(Object(CFilterChain))
#5 D:\laragon\www\yii\framework\web\CController.php(291): CFilterChain->run()
#6 D:\laragon\www\yii\framework\web\CController.php(265): CController->runActionWithFilters(Object(CInlineAction), Array)
#7 D:\laragon\www\yii\framework\web\CWebApplication.php(282): CController->run('admin')
#8 D:\laragon\www\yii\framework\web\CWebApplication.php(141): CWebApplication->runController('emp/admin')
#9 D:\laragon\www\yii\framework\base\CApplication.php(185): CWebApplication->processRequest()
#10 D:\laragon\www\yii\jobtest\index.php(13): CApplication->run()
#11 {main}
REQUEST_URI=/jobtest/index.php?r=emp/admin
HTTP_REFERER=http://yii.test/jobtest/index.php?r=emp/view&id=7
---
2024/12/26 18:50:25 [error] [exception.CHttpException.404] CHttpException: The requested page does not exist. in D:\laragon\www\yii\jobtest\protected\controllers\EmpController.php:157
Stack trace:
#0 D:\laragon\www\yii\jobtest\protected\controllers\EmpController.php(55): EmpController->loadModel('7')
#1 [internal function]: EmpController->actionView('7')
#2 D:\laragon\www\yii\framework\web\actions\CAction.php(114): ReflectionMethod->invokeArgs(Object(EmpController), Array)
#3 D:\laragon\www\yii\framework\web\actions\CInlineAction.php(47): CAction->runWithParamsInternal(Object(EmpController), Object(ReflectionMethod), Array)
#4 D:\laragon\www\yii\framework\web\CController.php(308): CInlineAction->runWithParams(Array)
#5 D:\laragon\www\yii\framework\web\filters\CFilterChain.php(134): CController->runAction(Object(CInlineAction))
#6 D:\laragon\www\yii\framework\web\filters\CFilter.php(40): CFilterChain->run()
#7 D:\laragon\www\yii\framework\web\CController.php(1148): CFilter->filter(Object(CFilterChain))
#8 D:\laragon\www\yii\framework\web\filters\CInlineFilter.php(58): CController->filterAccessControl(Object(CFilterChain))
#9 D:\laragon\www\yii\framework\web\filters\CFilterChain.php(131): CInlineFilter->filter(Object(CFilterChain))
#10 D:\laragon\www\yii\framework\web\CController.php(291): CFilterChain->run()
#11 D:\laragon\www\yii\framework\web\CController.php(265): CController->runActionWithFilters(Object(CInlineAction), Array)
#12 D:\laragon\www\yii\framework\web\CWebApplication.php(282): CController->run('view')
#13 D:\laragon\www\yii\framework\web\CWebApplication.php(141): CWebApplication->runController('emp/view')
#14 D:\laragon\www\yii\framework\base\CApplication.php(185): CWebApplication->processRequest()
#15 D:\laragon\www\yii\jobtest\index.php(13): CApplication->run()
#16 {main}
REQUEST_URI=/jobtest/index.php?r=emp/view&id=7
HTTP_REFERER=http://yii.test/jobtest/index.php?r=emp/create
---
2024/12/26 18:51:24 [error] [exception.CHttpException.403] CHttpException: You are not authorized to perform this action. in D:\laragon\www\yii\framework\web\auth\CAccessControlFilter.php:183
Stack trace:
#0 D:\laragon\www\yii\framework\web\auth\CAccessControlFilter.php(145): CAccessControlFilter->accessDenied(Object(CWebUser), 'You are not aut...')
#1 D:\laragon\www\yii\framework\web\filters\CFilter.php(38): CAccessControlFilter->preFilter(Object(CFilterChain))
#2 D:\laragon\www\yii\framework\web\CController.php(1148): CFilter->filter(Object(CFilterChain))
#3 D:\laragon\www\yii\framework\web\filters\CInlineFilter.php(58): CController->filterAccessControl(Object(CFilterChain))
#4 D:\laragon\www\yii\framework\web\filters\CFilterChain.php(131): CInlineFilter->filter(Object(CFilterChain))
#5 D:\laragon\www\yii\framework\web\CController.php(291): CFilterChain->run()
#6 D:\laragon\www\yii\framework\web\CController.php(265): CController->runActionWithFilters(Object(CInlineAction), Array)
#7 D:\laragon\www\yii\framework\web\CWebApplication.php(282): CController->run('admin')
#8 D:\laragon\www\yii\framework\web\CWebApplication.php(141): CWebApplication->runController('emp/admin')
#9 D:\laragon\www\yii\framework\base\CApplication.php(185): CWebApplication->processRequest()
#10 D:\laragon\www\yii\jobtest\index.php(13): CApplication->run()
#11 {main}
REQUEST_URI=/jobtest/index.php?r=emp/admin
HTTP_REFERER=http://yii.test/jobtest/index.php?r=emp/view&id=8
---
2024/12/26 18:51:58 [error] [exception.CHttpException.404] CHttpException: The requested page does not exist. in D:\laragon\www\yii\jobtest\protected\controllers\EmpController.php:157
Stack trace:
#0 D:\laragon\www\yii\jobtest\protected\controllers\EmpController.php(55): EmpController->loadModel('8')
#1 [internal function]: EmpController->actionView('8')
#2 D:\laragon\www\yii\framework\web\actions\CAction.php(114): ReflectionMethod->invokeArgs(Object(EmpController), Array)
#3 D:\laragon\www\yii\framework\web\actions\CInlineAction.php(47): CAction->runWithParamsInternal(Object(EmpController), Object(ReflectionMethod), Array)
#4 D:\laragon\www\yii\framework\web\CController.php(308): CInlineAction->runWithParams(Array)
#5 D:\laragon\www\yii\framework\web\filters\CFilterChain.php(134): CController->runAction(Object(CInlineAction))
#6 D:\laragon\www\yii\framework\web\filters\CFilter.php(40): CFilterChain->run()
#7 D:\laragon\www\yii\framework\web\CController.php(1148): CFilter->filter(Object(CFilterChain))
#8 D:\laragon\www\yii\framework\web\filters\CInlineFilter.php(58): CController->filterAccessControl(Object(CFilterChain))
#9 D:\laragon\www\yii\framework\web\filters\CFilterChain.php(131): CInlineFilter->filter(Object(CFilterChain))
#10 D:\laragon\www\yii\framework\web\CController.php(291): CFilterChain->run()
#11 D:\laragon\www\yii\framework\web\CController.php(265): CController->runActionWithFilters(Object(CInlineAction), Array)
#12 D:\laragon\www\yii\framework\web\CWebApplication.php(282): CController->run('view')
#13 D:\laragon\www\yii\framework\web\CWebApplication.php(141): CWebApplication->runController('emp/view')
#14 D:\laragon\www\yii\framework\base\CApplication.php(185): CWebApplication->processRequest()
#15 D:\laragon\www\yii\jobtest\index.php(13): CApplication->run()
#16 {main}
REQUEST_URI=/jobtest/index.php?r=emp/view&id=8
HTTP_REFERER=http://yii.test/jobtest/index.php?r=emp/create
---
2024/12/26 18:51:58 [error] [exception.CHttpException.403] CHttpException: You are not authorized to perform this action. in D:\laragon\www\yii\framework\web\auth\CAccessControlFilter.php:183
Stack trace:
#0 D:\laragon\www\yii\framework\web\auth\CAccessControlFilter.php(145): CAccessControlFilter->accessDenied(Object(CWebUser), 'You are not aut...')
#1 D:\laragon\www\yii\framework\web\filters\CFilter.php(38): CAccessControlFilter->preFilter(Object(CFilterChain))
#2 D:\laragon\www\yii\framework\web\CController.php(1148): CFilter->filter(Object(CFilterChain))
#3 D:\laragon\www\yii\framework\web\filters\CInlineFilter.php(58): CController->filterAccessControl(Object(CFilterChain))
#4 D:\laragon\www\yii\framework\web\filters\CFilterChain.php(131): CInlineFilter->filter(Object(CFilterChain))
#5 D:\laragon\www\yii\framework\web\CController.php(291): CFilterChain->run()
#6 D:\laragon\www\yii\framework\web\CController.php(265): CController->runActionWithFilters(Object(CInlineAction), Array)
#7 D:\laragon\www\yii\framework\web\CWebApplication.php(282): CController->run('admin')
#8 D:\laragon\www\yii\framework\web\CWebApplication.php(141): CWebApplication->runController('emp/admin')
#9 D:\laragon\www\yii\framework\base\CApplication.php(185): CWebApplication->processRequest()
#10 D:\laragon\www\yii\jobtest\index.php(13): CApplication->run()
#11 {main}
REQUEST_URI=/jobtest/index.php?r=emp/admin
HTTP_REFERER=http://yii.test/jobtest/index.php?r=emp/view&id=8
---
2024/12/26 18:52:23 [error] [exception.CHttpException.404] CHttpException: The requested page does not exist. in D:\laragon\www\yii\jobtest\protected\controllers\EmpController.php:157
Stack trace:
#0 D:\laragon\www\yii\jobtest\protected\controllers\EmpController.php(55): EmpController->loadModel('8')
#1 [internal function]: EmpController->actionView('8')
#2 D:\laragon\www\yii\framework\web\actions\CAction.php(114): ReflectionMethod->invokeArgs(Object(EmpController), Array)
#3 D:\laragon\www\yii\framework\web\actions\CInlineAction.php(47): CAction->runWithParamsInternal(Object(EmpController), Object(ReflectionMethod), Array)
#4 D:\laragon\www\yii\framework\web\CController.php(308): CInlineAction->runWithParams(Array)
#5 D:\laragon\www\yii\framework\web\filters\CFilterChain.php(134): CController->runAction(Object(CInlineAction))
#6 D:\laragon\www\yii\framework\web\filters\CFilter.php(40): CFilterChain->run()
#7 D:\laragon\www\yii\framework\web\CController.php(1148): CFilter->filter(Object(CFilterChain))
#8 D:\laragon\www\yii\framework\web\filters\CInlineFilter.php(58): CController->filterAccessControl(Object(CFilterChain))
#9 D:\laragon\www\yii\framework\web\filters\CFilterChain.php(131): CInlineFilter->filter(Object(CFilterChain))
#10 D:\laragon\www\yii\framework\web\CController.php(291): CFilterChain->run()
#11 D:\laragon\www\yii\framework\web\CController.php(265): CController->runActionWithFilters(Object(CInlineAction), Array)
#12 D:\laragon\www\yii\framework\web\CWebApplication.php(282): CController->run('view')
#13 D:\laragon\www\yii\framework\web\CWebApplication.php(141): CWebApplication->runController('emp/view')
#14 D:\laragon\www\yii\framework\base\CApplication.php(185): CWebApplication->processRequest()
#15 D:\laragon\www\yii\jobtest\index.php(13): CApplication->run()
#16 {main}
REQUEST_URI=/jobtest/index.php?r=emp/view&id=8
HTTP_REFERER=http://yii.test/jobtest/index.php?r=emp/create
---
2024/12/26 19:00:11 [error] [php] Undefined index: returnUrl (D:\laragon\www\yii\jobtest\protected\controllers\EmpController.php:117)
Stack trace:
#0 unknown(0): EmpController->actionDelete()
#1 D:\laragon\www\yii\framework\web\actions\CAction.php(114): ReflectionMethod->invokeArgs()
#2 D:\laragon\www\yii\framework\web\actions\CInlineAction.php(47): CInlineAction->runWithParamsInternal()
#3 D:\laragon\www\yii\framework\web\CController.php(308): CInlineAction->runWithParams()
#4 D:\laragon\www\yii\framework\web\filters\CFilterChain.php(134): EmpController->runAction()
#5 D:\laragon\www\yii\framework\web\CController.php(1119): CFilterChain->run()
#6 D:\laragon\www\yii\framework\web\filters\CInlineFilter.php(58): EmpController->filterPostOnly()
#7 D:\laragon\www\yii\framework\web\filters\CFilterChain.php(131): CInlineFilter->filter()
#8 D:\laragon\www\yii\framework\web\filters\CFilter.php(40): CFilterChain->run()
#9 D:\laragon\www\yii\framework\web\CController.php(1148): CAccessControlFilter->filter()
#10 D:\laragon\www\yii\framework\web\filters\CInlineFilter.php(58): EmpController->filterAccessControl()
#11 D:\laragon\www\yii\framework\web\filters\CFilterChain.php(131): CInlineFilter->filter()
#12 D:\laragon\www\yii\framework\web\CController.php(291): CFilterChain->run()
#13 D:\laragon\www\yii\framework\web\CController.php(265): EmpController->runActionWithFilters()
#14 D:\laragon\www\yii\framework\web\CWebApplication.php(282): EmpController->run()
#15 D:\laragon\www\yii\framework\web\CWebApplication.php(141): CWebApplication->runController()
#16 D:\laragon\www\yii\framework\base\CApplication.php(185): CWebApplication->processRequest()
#17 D:\laragon\www\yii\jobtest\index.php(13): CWebApplication->run()
REQUEST_URI=/jobtest/index.php?r=emp/delete&id=2
in D:\laragon\www\yii\jobtest\protected\controllers\EmpController.php (117)
in D:\laragon\www\yii\jobtest\index.php (13)
2024/12/26 19:04:37 [error] [php] Array to string conversion (D:\laragon\www\yii\framework\web\helpers\CHtml.php:2732)
Stack trace:
#0 D:\laragon\www\yii\framework\web\helpers\CHtml.php(2713): resolveName()
#1 D:\laragon\www\yii\framework\web\helpers\CHtml.php(1826): resolveNameID()
#2 D:\laragon\www\yii\framework\web\widgets\CActiveForm.php(839): activePasswordField()
#3 D:\laragon\www\yii\jobtest\protected\views\emp\_form.php(36): CActiveForm->passwordField()
#4 D:\laragon\www\yii\framework\web\CBaseController.php(126): require()
#5 D:\laragon\www\yii\framework\web\CBaseController.php(95): EmpController->renderInternal()
#6 D:\laragon\www\yii\framework\web\CController.php(872): EmpController->renderFile()
#7 D:\laragon\www\yii\jobtest\protected\views\emp\update.php(20): EmpController->renderPartial()
#8 D:\laragon\www\yii\framework\web\CBaseController.php(126): require()
#9 D:\laragon\www\yii\framework\web\CBaseController.php(95): EmpController->renderInternal()
#10 D:\laragon\www\yii\framework\web\CController.php(872): EmpController->renderFile()
#11 D:\laragon\www\yii\framework\web\CController.php(785): EmpController->renderPartial()
#12 D:\laragon\www\yii\jobtest\protected\controllers\EmpController.php(102): EmpController->render()
#13 unknown(0): EmpController->actionUpdate()
#14 D:\laragon\www\yii\framework\web\actions\CAction.php(114): ReflectionMethod->invokeArgs()
#15 D:\laragon\www\yii\framework\web\actions\CInlineAction.php(47): CInlineAction->runWithParamsInternal()
#16 D:\laragon\www\yii\framework\web\CController.php(308): CInlineAction->runWithParams()
#17 D:\laragon\www\yii\framework\web\filters\CFilterChain.php(134): EmpController->runAction()
#18 D:\laragon\www\yii\framework\web\filters\CFilter.php(40): CFilterChain->run()
#19 D:\laragon\www\yii\framework\web\CController.php(1148): CAccessControlFilter->filter()
#20 D:\laragon\www\yii\framework\web\filters\CInlineFilter.php(58): EmpController->filterAccessControl()
#21 D:\laragon\www\yii\framework\web\filters\CFilterChain.php(131): CInlineFilter->filter()
#22 D:\laragon\www\yii\framework\web\CController.php(291): CFilterChain->run()
#23 D:\laragon\www\yii\framework\web\CController.php(265): EmpController->runActionWithFilters()
#24 D:\laragon\www\yii\framework\web\CWebApplication.php(282): EmpController->run()
#25 D:\laragon\www\yii\framework\web\CWebApplication.php(141): CWebApplication->runController()
#26 D:\laragon\www\yii\framework\base\CApplication.php(185): CWebApplication->processRequest()
#27 D:\laragon\www\yii\jobtest\index.php(13): CWebApplication->run()
REQUEST_URI=/jobtest/index.php?r=emp/update&id=9
in D:\laragon\www\yii\jobtest\protected\views\emp\_form.php (36)
in D:\laragon\www\yii\jobtest\protected\views\emp\update.php (20)
in D:\laragon\www\yii\jobtest\protected\controllers\EmpController.php (102)
2024/12/26 19:05:14 [error] [php] Trying to get property 'password' of non-object (D:\laragon\www\yii\framework\web\helpers\CHtml.php:2784)
Stack trace:
#0 D:\laragon\www\yii\framework\web\helpers\CHtml.php(2507): resolveValue()
#1 D:\laragon\www\yii\framework\web\helpers\CHtml.php(1828): activeInputField()
#2 D:\laragon\www\yii\framework\web\widgets\CActiveForm.php(839): activePasswordField()
#3 D:\laragon\www\yii\jobtest\protected\views\emp\_form.php(36): CActiveForm->passwordField()
#4 D:\laragon\www\yii\framework\web\CBaseController.php(126): require()
#5 D:\laragon\www\yii\framework\web\CBaseController.php(95): EmpController->renderInternal()
#6 D:\laragon\www\yii\framework\web\CController.php(872): EmpController->renderFile()
#7 D:\laragon\www\yii\jobtest\protected\views\emp\update.php(20): EmpController->renderPartial()
#8 D:\laragon\www\yii\framework\web\CBaseController.php(126): require()
#9 D:\laragon\www\yii\framework\web\CBaseController.php(95): EmpController->renderInternal()
#10 D:\laragon\www\yii\framework\web\CController.php(872): EmpController->renderFile()
#11 D:\laragon\www\yii\framework\web\CController.php(785): EmpController->renderPartial()
#12 D:\laragon\www\yii\jobtest\protected\controllers\EmpController.php(102): EmpController->render()
#13 unknown(0): EmpController->actionUpdate()
#14 D:\laragon\www\yii\framework\web\actions\CAction.php(114): ReflectionMethod->invokeArgs()
#15 D:\laragon\www\yii\framework\web\actions\CInlineAction.php(47): CInlineAction->runWithParamsInternal()
#16 D:\laragon\www\yii\framework\web\CController.php(308): CInlineAction->runWithParams()
#17 D:\laragon\www\yii\framework\web\filters\CFilterChain.php(134): EmpController->runAction()
#18 D:\laragon\www\yii\framework\web\filters\CFilter.php(40): CFilterChain->run()
#19 D:\laragon\www\yii\framework\web\CController.php(1148): CAccessControlFilter->filter()
#20 D:\laragon\www\yii\framework\web\filters\CInlineFilter.php(58): EmpController->filterAccessControl()
#21 D:\laragon\www\yii\framework\web\filters\CFilterChain.php(131): CInlineFilter->filter()
#22 D:\laragon\www\yii\framework\web\CController.php(291): CFilterChain->run()
#23 D:\laragon\www\yii\framework\web\CController.php(265): EmpController->runActionWithFilters()
#24 D:\laragon\www\yii\framework\web\CWebApplication.php(282): EmpController->run()
#25 D:\laragon\www\yii\framework\web\CWebApplication.php(141): CWebApplication->runController()
#26 D:\laragon\www\yii\framework\base\CApplication.php(185): CWebApplication->processRequest()
#27 D:\laragon\www\yii\jobtest\index.php(13): CWebApplication->run()
REQUEST_URI=/jobtest/index.php?r=emp/update&id=9
in D:\laragon\www\yii\jobtest\protected\views\emp\_form.php (36)
in D:\laragon\www\yii\jobtest\protected\views\emp\update.php (20)
in D:\laragon\www\yii\jobtest\protected\controllers\EmpController.php (102)
2024/12/27 06:13:32 [error] [exception.ParseError] ParseError: syntax error, unexpected '}' in D:\laragon\www\yii\jobtest\protected\controllers\EmpController.php:99
Stack trace:
#0 D:\laragon\www\yii\framework\web\CWebApplication.php(276): CWebApplication->createController('view/')
#1 D:\laragon\www\yii\framework\web\CWebApplication.php(141): CWebApplication->runController('emp/view')
#2 D:\laragon\www\yii\framework\base\CApplication.php(185): CWebApplication->processRequest()
#3 D:\laragon\www\yii\jobtest\index.php(13): CApplication->run()
#4 {main}
REQUEST_URI=/jobtest/index.php?r=emp/view&id=9
HTTP_REFERER=http://yii.test/jobtest/index.php?r=emp/index
---
2024/12/27 06:44:50 [error] [exception.CDbException] CDbException: CDbConnection failed to open the DB connection: SQLSTATE[HY000] [1045] Access denied for user 'root'@'localhost' (using password: NO) in D:\laragon\www\yii\framework\db\CDbConnection.php:399
Stack trace:
#0 D:\laragon\www\yii\framework\db\CDbConnection.php(347): CDbConnection->open()
#1 D:\laragon\www\yii\framework\db\CDbConnection.php(325): CDbConnection->setActive(true)
#2 D:\laragon\www\yii\framework\base\CModule.php(394): CDbConnection->init()
#3 D:\laragon\www\yii\framework\base\CApplication.php(459): CModule->getComponent('db')
#4 D:\laragon\www\yii\framework\db\ar\CActiveRecord.php(639): CApplication->getDb()
#5 D:\laragon\www\yii\framework\db\ar\CActiveRecord.php(1436): CActiveRecord->getDbConnection()
#6 D:\laragon\www\yii\framework\db\ar\CActiveRecord.php(1492): CActiveRecord->getTableAlias(true)
#7 D:\laragon\www\yii\jobtest\protected\controllers\EmpController.php(155): CActiveRecord->findByPk('10')
#8 D:\laragon\www\yii\jobtest\protected\controllers\EmpController.php(113): EmpController->loadModel('10')
#9 [internal function]: EmpController->actionDelete('10')
#10 D:\laragon\www\yii\framework\web\actions\CAction.php(114): ReflectionMethod->invokeArgs(Object(EmpController), Array)
#11 D:\laragon\www\yii\framework\web\actions\CInlineAction.php(47): CAction->runWithParamsInternal(Object(EmpController), Object(ReflectionMethod), Array)
#12 D:\laragon\www\yii\framework\web\CController.php(308): CInlineAction->runWithParams(Array)
#13 D:\laragon\www\yii\framework\web\filters\CFilterChain.php(134): CController->runAction(Object(CInlineAction))
#14 D:\laragon\www\yii\framework\web\CController.php(1119): CFilterChain->run()
#15 D:\laragon\www\yii\framework\web\filters\CInlineFilter.php(58): CController->filterPostOnly(Object(CFilterChain))
#16 D:\laragon\www\yii\framework\web\filters\CFilterChain.php(131): CInlineFilter->filter(Object(CFilterChain))
#17 D:\laragon\www\yii\framework\web\filters\CFilter.php(40): CFilterChain->run()
#18 D:\laragon\www\yii\framework\web\CController.php(1148): CFilter->filter(Object(CFilterChain))
#19 D:\laragon\www\yii\framework\web\filters\CInlineFilter.php(58): CController->filterAccessControl(Object(CFilterChain))
#20 D:\laragon\www\yii\framework\web\filters\CFilterChain.php(131): CInlineFilter->filter(Object(CFilterChain))
#21 D:\laragon\www\yii\framework\web\CController.php(291): CFilterChain->run()
#22 D:\laragon\www\yii\framework\web\CController.php(265): CController->runActionWithFilters(Object(CInlineAction), Array)
#23 D:\laragon\www\yii\framework\web\CWebApplication.php(282): CController->run('delete')
#24 D:\laragon\www\yii\framework\web\CWebApplication.php(141): CWebApplication->runController('emp/delete')
#25 D:\laragon\www\yii\framework\base\CApplication.php(185): CWebApplication->processRequest()
#26 D:\laragon\www\yii\jobtest\index.php(13): CApplication->run()
#27 {main}
REQUEST_URI=/jobtest/index.php?r=emp/delete&id=10
HTTP_REFERER=http://yii.test/jobtest/index.php?r=emp/view&id=10
---
2024/12/27 06:45:17 [error] [exception.CDbException] CDbException: CDbConnection failed to open the DB connection: SQLSTATE[HY000] [1045] Access denied for user 'root'@'localhost' (using password: NO) in D:\laragon\www\yii\framework\db\CDbConnection.php:399
Stack trace:
#0 D:\laragon\www\yii\framework\db\CDbConnection.php(347): CDbConnection->open()
#1 D:\laragon\www\yii\framework\db\CDbConnection.php(325): CDbConnection->setActive(true)
#2 D:\laragon\www\yii\framework\base\CModule.php(394): CDbConnection->init()
#3 D:\laragon\www\yii\framework\base\CApplication.php(459): CModule->getComponent('db')
#4 D:\laragon\www\yii\framework\db\ar\CActiveRecord.php(639): CApplication->getDb()
#5 D:\laragon\www\yii\framework\db\ar\CActiveRecord.php(1436): CActiveRecord->getDbConnection()
#6 D:\laragon\www\yii\framework\db\ar\CActiveRecord.php(1492): CActiveRecord->getTableAlias(true)
#7 D:\laragon\www\yii\jobtest\protected\controllers\EmpController.php(155): CActiveRecord->findByPk('10')
#8 D:\laragon\www\yii\jobtest\protected\controllers\EmpController.php(55): EmpController->loadModel('10')
#9 [internal function]: EmpController->actionView('10')
#10 D:\laragon\www\yii\framework\web\actions\CAction.php(114): ReflectionMethod->invokeArgs(Object(EmpController), Array)
#11 D:\laragon\www\yii\framework\web\actions\CInlineAction.php(47): CAction->runWithParamsInternal(Object(EmpController), Object(ReflectionMethod), Array)
#12 D:\laragon\www\yii\framework\web\CController.php(308): CInlineAction->runWithParams(Array)
#13 D:\laragon\www\yii\framework\web\filters\CFilterChain.php(134): CController->runAction(Object(CInlineAction))
#14 D:\laragon\www\yii\framework\web\filters\CFilter.php(40): CFilterChain->run()
#15 D:\laragon\www\yii\framework\web\CController.php(1148): CFilter->filter(Object(CFilterChain))
#16 D:\laragon\www\yii\framework\web\filters\CInlineFilter.php(58): CController->filterAccessControl(Object(CFilterChain))
#17 D:\laragon\www\yii\framework\web\filters\CFilterChain.php(131): CInlineFilter->filter(Object(CFilterChain))
#18 D:\laragon\www\yii\framework\web\CController.php(291): CFilterChain->run()
#19 D:\laragon\www\yii\framework\web\CController.php(265): CController->runActionWithFilters(Object(CInlineAction), Array)
#20 D:\laragon\www\yii\framework\web\CWebApplication.php(282): CController->run('view')
#21 D:\laragon\www\yii\framework\web\CWebApplication.php(141): CWebApplication->runController('emp/view')
#22 D:\laragon\www\yii\framework\base\CApplication.php(185): CWebApplication->processRequest()
#23 D:\laragon\www\yii\jobtest\index.php(13): CApplication->run()
#24 {main}
REQUEST_URI=/jobtest/index.php?r=emp/view&id=10
HTTP_REFERER=http://yii.test/jobtest/index.php?r=emp/update&id=10
---
2024/12/27 08:30:17 [error] [php] date(): It is not safe to rely on the system's timezone settings. You are *required* to use the date.timezone setting or the date_default_timezone_set() function. In case you used any of those methods and you are still getting this warning, you most likely misspelled the timezone identifier. We selected the timezone 'UTC' for now, but please set date.timezone to select your timezone. (/var/www/html/jobtest/protected/views/layouts/main.php:48)
Stack trace:
#0 /var/www/html/jobtest/protected/views/layouts/main.php(48): date()
#1 /var/www/html/framework/web/CBaseController.php(126): require()
#2 /var/www/html/framework/web/CBaseController.php(95): SiteController->renderInternal()
#3 /var/www/html/framework/web/widgets/CContentDecorator.php(76): SiteController->renderFile()
#4 /var/www/html/framework/web/widgets/CContentDecorator.php(54): CContentDecorator->decorate()
#5 /var/www/html/framework/web/widgets/COutputProcessor.php(44): CContentDecorator->processOutput()
#6 /var/www/html/framework/web/CBaseController.php(215): CContentDecorator->run()
#7 /var/www/html/framework/web/CBaseController.php(309): SiteController->endWidget()
#8 /var/www/html/jobtest/protected/views/layouts/column1.php(6): SiteController->endContent()
#9 /var/www/html/framework/web/CBaseController.php(126): require()
#10 /var/www/html/framework/web/CBaseController.php(95): SiteController->renderInternal()
#11 /var/www/html/framework/web/CController.php(787): SiteController->renderFile()
#12 /var/www/html/jobtest/protected/controllers/SiteController.php(32): SiteController->render()
#13 /var/www/html/framework/web/actions/CInlineAction.php(49): SiteController->actionIndex()
#14 /var/www/html/framework/web/CController.php(308): CInlineAction->runWithParams()
#15 /var/www/html/framework/web/CController.php(286): SiteController->runAction()
#16 /var/www/html/framework/web/CController.php(265): SiteController->runActionWithFilters()
#17 /var/www/html/framework/web/CWebApplication.php(282): SiteController->run()
#18 /var/www/html/framework/web/CWebApplication.php(141): CWebApplication->runController()
#19 /var/www/html/framework/base/CApplication.php(185): CWebApplication->processRequest()
#20 /var/www/html/jobtest/index.php(13): CWebApplication->run()
REQUEST_URI=/jobtest/
in /var/www/html/jobtest/protected/views/layouts/main.php (48)
in /var/www/html/jobtest/protected/views/layouts/column1.php (6)
in /var/www/html/jobtest/protected/controllers/SiteController.php (32)
2024/12/27 08:30:53 [error] [php] date(): It is not safe to rely on the system's timezone settings. You are *required* to use the date.timezone setting or the date_default_timezone_set() function. In case you used any of those methods and you are still getting this warning, you most likely misspelled the timezone identifier. We selected the timezone 'UTC' for now, but please set date.timezone to select your timezone. (/var/www/html/jobtest/protected/views/layouts/main.php:48)
Stack trace:
#0 /var/www/html/jobtest/protected/views/layouts/main.php(48): date()
#1 /var/www/html/framework/web/CBaseController.php(126): require()
#2 /var/www/html/framework/web/CBaseController.php(95): SiteController->renderInternal()
#3 /var/www/html/framework/web/widgets/CContentDecorator.php(76): SiteController->renderFile()
#4 /var/www/html/framework/web/widgets/CContentDecorator.php(54): CContentDecorator->decorate()
#5 /var/www/html/framework/web/widgets/COutputProcessor.php(44): CContentDecorator->processOutput()
#6 /var/www/html/framework/web/CBaseController.php(215): CContentDecorator->run()
#7 /var/www/html/framework/web/CBaseController.php(309): SiteController->endWidget()
#8 /var/www/html/jobtest/protected/views/layouts/column1.php(6): SiteController->endContent()
#9 /var/www/html/framework/web/CBaseController.php(126): require()
#10 /var/www/html/framework/web/CBaseController.php(95): SiteController->renderInternal()
#11 /var/www/html/framework/web/CController.php(787): SiteController->renderFile()
#12 /var/www/html/jobtest/protected/controllers/SiteController.php(32): SiteController->render()
#13 /var/www/html/framework/web/actions/CInlineAction.php(49): SiteController->actionIndex()
#14 /var/www/html/framework/web/CController.php(308): CInlineAction->runWithParams()
#15 /var/www/html/framework/web/CController.php(286): SiteController->runAction()
#16 /var/www/html/framework/web/CController.php(265): SiteController->runActionWithFilters()
#17 /var/www/html/framework/web/CWebApplication.php(282): SiteController->run()
#18 /var/www/html/framework/web/CWebApplication.php(141): CWebApplication->runController()
#19 /var/www/html/framework/base/CApplication.php(185): CWebApplication->processRequest()
#20 /var/www/html/jobtest/index.php(13): CWebApplication->run()
REQUEST_URI=/jobtest/
in /var/www/html/jobtest/protected/views/layouts/main.php (48)
in /var/www/html/jobtest/protected/views/layouts/column1.php (6)
in /var/www/html/jobtest/protected/controllers/SiteController.php (32)
2024/12/27 08:30:53 [error] [php] date(): It is not safe to rely on the system's timezone settings. You are *required* to use the date.timezone setting or the date_default_timezone_set() function. In case you used any of those methods and you are still getting this warning, you most likely misspelled the timezone identifier. We selected the timezone 'UTC' for now, but please set date.timezone to select your timezone. (/var/www/html/jobtest/protected/views/layouts/main.php:48)
Stack trace:
#0 /var/www/html/jobtest/protected/views/layouts/main.php(48): date()
#1 /var/www/html/framework/web/CBaseController.php(126): require()
#2 /var/www/html/framework/web/CBaseController.php(95): SiteController->renderInternal()
#3 /var/www/html/framework/web/widgets/CContentDecorator.php(76): SiteController->renderFile()
#4 /var/www/html/framework/web/widgets/CContentDecorator.php(54): CContentDecorator->decorate()
#5 /var/www/html/framework/web/widgets/COutputProcessor.php(44): CContentDecorator->processOutput()
#6 /var/www/html/framework/web/CBaseController.php(215): CContentDecorator->run()
#7 /var/www/html/framework/web/CBaseController.php(309): SiteController->endWidget()
#8 /var/www/html/jobtest/protected/views/layouts/column1.php(6): SiteController->endContent()
#9 /var/www/html/framework/web/CBaseController.php(126): require()
#10 /var/www/html/framework/web/CBaseController.php(95): SiteController->renderInternal()
#11 /var/www/html/framework/web/CController.php(787): SiteController->renderFile()
#12 /var/www/html/jobtest/protected/controllers/SiteController.php(32): SiteController->render()
#13 /var/www/html/framework/web/actions/CInlineAction.php(49): SiteController->actionIndex()
#14 /var/www/html/framework/web/CController.php(308): CInlineAction->runWithParams()
#15 /var/www/html/framework/web/CController.php(286): SiteController->runAction()
#16 /var/www/html/framework/web/CController.php(265): SiteController->runActionWithFilters()
#17 /var/www/html/framework/web/CWebApplication.php(282): SiteController->run()
#18 /var/www/html/framework/web/CWebApplication.php(141): CWebApplication->runController()
#19 /var/www/html/framework/base/CApplication.php(185): CWebApplication->processRequest()
#20 /var/www/html/jobtest/index.php(13): CWebApplication->run()
REQUEST_URI=/jobtest/
in /var/www/html/jobtest/protected/views/layouts/main.php (48)
in /var/www/html/jobtest/protected/views/layouts/column1.php (6)
in /var/www/html/jobtest/protected/controllers/SiteController.php (32)
2024/12/27 08:30:54 [error] [php] date(): It is not safe to rely on the system's timezone settings. You are *required* to use the date.timezone setting or the date_default_timezone_set() function. In case you used any of those methods and you are still getting this warning, you most likely misspelled the timezone identifier. We selected the timezone 'UTC' for now, but please set date.timezone to select your timezone. (/var/www/html/jobtest/protected/views/layouts/main.php:48)
Stack trace:
#0 /var/www/html/jobtest/protected/views/layouts/main.php(48): date()
#1 /var/www/html/framework/web/CBaseController.php(126): require()
#2 /var/www/html/framework/web/CBaseController.php(95): SiteController->renderInternal()
#3 /var/www/html/framework/web/widgets/CContentDecorator.php(76): SiteController->renderFile()
#4 /var/www/html/framework/web/widgets/CContentDecorator.php(54): CContentDecorator->decorate()
#5 /var/www/html/framework/web/widgets/COutputProcessor.php(44): CContentDecorator->processOutput()
#6 /var/www/html/framework/web/CBaseController.php(215): CContentDecorator->run()
#7 /var/www/html/framework/web/CBaseController.php(309): SiteController->endWidget()
#8 /var/www/html/jobtest/protected/views/layouts/column1.php(6): SiteController->endContent()
#9 /var/www/html/framework/web/CBaseController.php(126): require()
#10 /var/www/html/framework/web/CBaseController.php(95): SiteController->renderInternal()
#11 /var/www/html/framework/web/CController.php(787): SiteController->renderFile()
#12 /var/www/html/jobtest/protected/controllers/SiteController.php(32): SiteController->render()
#13 /var/www/html/framework/web/actions/CInlineAction.php(49): SiteController->actionIndex()
#14 /var/www/html/framework/web/CController.php(308): CInlineAction->runWithParams()
#15 /var/www/html/framework/web/CController.php(286): SiteController->runAction()
#16 /var/www/html/framework/web/CController.php(265): SiteController->runActionWithFilters()
#17 /var/www/html/framework/web/CWebApplication.php(282): SiteController->run()
#18 /var/www/html/framework/web/CWebApplication.php(141): CWebApplication->runController()
#19 /var/www/html/framework/base/CApplication.php(185): CWebApplication->processRequest()
#20 /var/www/html/jobtest/index.php(13): CWebApplication->run()
REQUEST_URI=/jobtest/
in /var/www/html/jobtest/protected/views/layouts/main.php (48)
in /var/www/html/jobtest/protected/views/layouts/column1.php (6)
in /var/www/html/jobtest/protected/controllers/SiteController.php (32)
2024/12/27 08:31:06 [error] [php] date(): It is not safe to rely on the system's timezone settings. You are *required* to use the date.timezone setting or the date_default_timezone_set() function. In case you used any of those methods and you are still getting this warning, you most likely misspelled the timezone identifier. We selected the timezone 'UTC' for now, but please set date.timezone to select your timezone. (/var/www/html/jobtest/protected/views/layouts/main.php:48)
Stack trace:
#0 /var/www/html/jobtest/protected/views/layouts/main.php(48): date()
#1 /var/www/html/framework/web/CBaseController.php(126): require()
#2 /var/www/html/framework/web/CBaseController.php(95): SiteController->renderInternal()
#3 /var/www/html/framework/web/widgets/CContentDecorator.php(76): SiteController->renderFile()
#4 /var/www/html/framework/web/widgets/CContentDecorator.php(54): CContentDecorator->decorate()
#5 /var/www/html/framework/web/widgets/COutputProcessor.php(44): CContentDecorator->processOutput()
#6 /var/www/html/framework/web/CBaseController.php(215): CContentDecorator->run()
#7 /var/www/html/framework/web/CBaseController.php(309): SiteController->endWidget()
#8 /var/www/html/jobtest/protected/views/layouts/column1.php(6): SiteController->endContent()
#9 /var/www/html/framework/web/CBaseController.php(126): require()
#10 /var/www/html/framework/web/CBaseController.php(95): SiteController->renderInternal()
#11 /var/www/html/framework/web/CController.php(787): SiteController->renderFile()
#12 /var/www/html/jobtest/protected/controllers/SiteController.php(32): SiteController->render()
#13 /var/www/html/framework/web/actions/CInlineAction.php(49): SiteController->actionIndex()
#14 /var/www/html/framework/web/CController.php(308): CInlineAction->runWithParams()
#15 /var/www/html/framework/web/CController.php(286): SiteController->runAction()
#16 /var/www/html/framework/web/CController.php(265): SiteController->runActionWithFilters()
#17 /var/www/html/framework/web/CWebApplication.php(282): SiteController->run()
#18 /var/www/html/framework/web/CWebApplication.php(141): CWebApplication->runController()
#19 /var/www/html/framework/base/CApplication.php(185): CWebApplication->processRequest()
#20 /var/www/html/jobtest/index.php(13): CWebApplication->run()
REQUEST_URI=/jobtest/
in /var/www/html/jobtest/protected/views/layouts/main.php (48)
in /var/www/html/jobtest/protected/views/layouts/column1.php (6)
in /var/www/html/jobtest/protected/controllers/SiteController.php (32)
2024/12/27 08:31:06 [error] [php] date(): It is not safe to rely on the system's timezone settings. You are *required* to use the date.timezone setting or the date_default_timezone_set() function. In case you used any of those methods and you are still getting this warning, you most likely misspelled the timezone identifier. We selected the timezone 'UTC' for now, but please set date.timezone to select your timezone. (/var/www/html/jobtest/protected/views/layouts/main.php:48)
Stack trace:
#0 /var/www/html/jobtest/protected/views/layouts/main.php(48): date()
#1 /var/www/html/framework/web/CBaseController.php(126): require()
#2 /var/www/html/framework/web/CBaseController.php(95): SiteController->renderInternal()
#3 /var/www/html/framework/web/widgets/CContentDecorator.php(76): SiteController->renderFile()
#4 /var/www/html/framework/web/widgets/CContentDecorator.php(54): CContentDecorator->decorate()
#5 /var/www/html/framework/web/widgets/COutputProcessor.php(44): CContentDecorator->processOutput()
#6 /var/www/html/framework/web/CBaseController.php(215): CContentDecorator->run()
#7 /var/www/html/framework/web/CBaseController.php(309): SiteController->endWidget()
#8 /var/www/html/jobtest/protected/views/layouts/column1.php(6): SiteController->endContent()
#9 /var/www/html/framework/web/CBaseController.php(126): require()
#10 /var/www/html/framework/web/CBaseController.php(95): SiteController->renderInternal()
#11 /var/www/html/framework/web/CController.php(787): SiteController->renderFile()
#12 /var/www/html/jobtest/protected/controllers/SiteController.php(32): SiteController->render()
#13 /var/www/html/framework/web/actions/CInlineAction.php(49): SiteController->actionIndex()
#14 /var/www/html/framework/web/CController.php(308): CInlineAction->runWithParams()
#15 /var/www/html/framework/web/CController.php(286): SiteController->runAction()
#16 /var/www/html/framework/web/CController.php(265): SiteController->runActionWithFilters()
#17 /var/www/html/framework/web/CWebApplication.php(282): SiteController->run()
#18 /var/www/html/framework/web/CWebApplication.php(141): CWebApplication->runController()
#19 /var/www/html/framework/base/CApplication.php(185): CWebApplication->processRequest()
#20 /var/www/html/jobtest/index.php(13): CWebApplication->run()
REQUEST_URI=/jobtest/
in /var/www/html/jobtest/protected/views/layouts/main.php (48)
in /var/www/html/jobtest/protected/views/layouts/column1.php (6)
in /var/www/html/jobtest/protected/controllers/SiteController.php (32)
2024/12/27 08:31:07 [error] [php] date(): It is not safe to rely on the system's timezone settings. You are *required* to use the date.timezone setting or the date_default_timezone_set() function. In case you used any of those methods and you are still getting this warning, you most likely misspelled the timezone identifier. We selected the timezone 'UTC' for now, but please set date.timezone to select your timezone. (/var/www/html/jobtest/protected/views/layouts/main.php:48)
Stack trace:
#0 /var/www/html/jobtest/protected/views/layouts/main.php(48): date()
#1 /var/www/html/framework/web/CBaseController.php(126): require()
#2 /var/www/html/framework/web/CBaseController.php(95): SiteController->renderInternal()
#3 /var/www/html/framework/web/widgets/CContentDecorator.php(76): SiteController->renderFile()
#4 /var/www/html/framework/web/widgets/CContentDecorator.php(54): CContentDecorator->decorate()
#5 /var/www/html/framework/web/widgets/COutputProcessor.php(44): CContentDecorator->processOutput()
#6 /var/www/html/framework/web/CBaseController.php(215): CContentDecorator->run()
#7 /var/www/html/framework/web/CBaseController.php(309): SiteController->endWidget()
#8 /var/www/html/jobtest/protected/views/layouts/column1.php(6): SiteController->endContent()
#9 /var/www/html/framework/web/CBaseController.php(126): require()
#10 /var/www/html/framework/web/CBaseController.php(95): SiteController->renderInternal()
#11 /var/www/html/framework/web/CController.php(787): SiteController->renderFile()
#12 /var/www/html/jobtest/protected/controllers/SiteController.php(32): SiteController->render()
#13 /var/www/html/framework/web/actions/CInlineAction.php(49): SiteController->actionIndex()
#14 /var/www/html/framework/web/CController.php(308): CInlineAction->runWithParams()
#15 /var/www/html/framework/web/CController.php(286): SiteController->runAction()
#16 /var/www/html/framework/web/CController.php(265): SiteController->runActionWithFilters()
#17 /var/www/html/framework/web/CWebApplication.php(282): SiteController->run()
#18 /var/www/html/framework/web/CWebApplication.php(141): CWebApplication->runController()
#19 /var/www/html/framework/base/CApplication.php(185): CWebApplication->processRequest()
#20 /var/www/html/jobtest/index.php(13): CWebApplication->run()
REQUEST_URI=/jobtest/
in /var/www/html/jobtest/protected/views/layouts/main.php (48)
in /var/www/html/jobtest/protected/views/layouts/column1.php (6)
in /var/www/html/jobtest/protected/controllers/SiteController.php (32)
2024/12/27 08:31:07 [error] [php] date(): It is not safe to rely on the system's timezone settings. You are *required* to use the date.timezone setting or the date_default_timezone_set() function. In case you used any of those methods and you are still getting this warning, you most likely misspelled the timezone identifier. We selected the timezone 'UTC' for now, but please set date.timezone to select your timezone. (/var/www/html/jobtest/protected/views/layouts/main.php:48)
Stack trace:
#0 /var/www/html/jobtest/protected/views/layouts/main.php(48): date()
#1 /var/www/html/framework/web/CBaseController.php(126): require()
#2 /var/www/html/framework/web/CBaseController.php(95): SiteController->renderInternal()
#3 /var/www/html/framework/web/widgets/CContentDecorator.php(76): SiteController->renderFile()
#4 /var/www/html/framework/web/widgets/CContentDecorator.php(54): CContentDecorator->decorate()
#5 /var/www/html/framework/web/widgets/COutputProcessor.php(44): CContentDecorator->processOutput()
#6 /var/www/html/framework/web/CBaseController.php(215): CContentDecorator->run()
#7 /var/www/html/framework/web/CBaseController.php(309): SiteController->endWidget()
#8 /var/www/html/jobtest/protected/views/layouts/column1.php(6): SiteController->endContent()
#9 /var/www/html/framework/web/CBaseController.php(126): require()
#10 /var/www/html/framework/web/CBaseController.php(95): SiteController->renderInternal()
#11 /var/www/html/framework/web/CController.php(787): SiteController->renderFile()
#12 /var/www/html/jobtest/protected/controllers/SiteController.php(32): SiteController->render()
#13 /var/www/html/framework/web/actions/CInlineAction.php(49): SiteController->actionIndex()
#14 /var/www/html/framework/web/CController.php(308): CInlineAction->runWithParams()
#15 /var/www/html/framework/web/CController.php(286): SiteController->runAction()
#16 /var/www/html/framework/web/CController.php(265): SiteController->runActionWithFilters()
#17 /var/www/html/framework/web/CWebApplication.php(282): SiteController->run()
#18 /var/www/html/framework/web/CWebApplication.php(141): CWebApplication->runController()
#19 /var/www/html/framework/base/CApplication.php(185): CWebApplication->processRequest()
#20 /var/www/html/jobtest/index.php(13): CWebApplication->run()
REQUEST_URI=/jobtest/
in /var/www/html/jobtest/protected/views/layouts/main.php (48)
in /var/www/html/jobtest/protected/views/layouts/column1.php (6)
in /var/www/html/jobtest/protected/controllers/SiteController.php (32)
2024/12/27 08:31:07 [error] [php] date(): It is not safe to rely on the system's timezone settings. You are *required* to use the date.timezone setting or the date_default_timezone_set() function. In case you used any of those methods and you are still getting this warning, you most likely misspelled the timezone identifier. We selected the timezone 'UTC' for now, but please set date.timezone to select your timezone. (/var/www/html/jobtest/protected/views/layouts/main.php:48)
Stack trace:
#0 /var/www/html/jobtest/protected/views/layouts/main.php(48): date()
#1 /var/www/html/framework/web/CBaseController.php(126): require()
#2 /var/www/html/framework/web/CBaseController.php(95): SiteController->renderInternal()
#3 /var/www/html/framework/web/widgets/CContentDecorator.php(76): SiteController->renderFile()
#4 /var/www/html/framework/web/widgets/CContentDecorator.php(54): CContentDecorator->decorate()
#5 /var/www/html/framework/web/widgets/COutputProcessor.php(44): CContentDecorator->processOutput()
#6 /var/www/html/framework/web/CBaseController.php(215): CContentDecorator->run()
#7 /var/www/html/framework/web/CBaseController.php(309): SiteController->endWidget()
#8 /var/www/html/jobtest/protected/views/layouts/column1.php(6): SiteController->endContent()
#9 /var/www/html/framework/web/CBaseController.php(126): require()
#10 /var/www/html/framework/web/CBaseController.php(95): SiteController->renderInternal()
#11 /var/www/html/framework/web/CController.php(787): SiteController->renderFile()
#12 /var/www/html/jobtest/protected/controllers/SiteController.php(32): SiteController->render()
#13 /var/www/html/framework/web/actions/CInlineAction.php(49): SiteController->actionIndex()
#14 /var/www/html/framework/web/CController.php(308): CInlineAction->runWithParams()
#15 /var/www/html/framework/web/CController.php(286): SiteController->runAction()
#16 /var/www/html/framework/web/CController.php(265): SiteController->runActionWithFilters()
#17 /var/www/html/framework/web/CWebApplication.php(282): SiteController->run()
#18 /var/www/html/framework/web/CWebApplication.php(141): CWebApplication->runController()
#19 /var/www/html/framework/base/CApplication.php(185): CWebApplication->processRequest()
#20 /var/www/html/jobtest/index.php(13): CWebApplication->run()
REQUEST_URI=/jobtest/
in /var/www/html/jobtest/protected/views/layouts/main.php (48)
in /var/www/html/jobtest/protected/views/layouts/column1.php (6)
in /var/www/html/jobtest/protected/controllers/SiteController.php (32)
2024/12/27 08:31:07 [error] [php] date(): It is not safe to rely on the system's timezone settings. You are *required* to use the date.timezone setting or the date_default_timezone_set() function. In case you used any of those methods and you are still getting this warning, you most likely misspelled the timezone identifier. We selected the timezone 'UTC' for now, but please set date.timezone to select your timezone. (/var/www/html/jobtest/protected/views/layouts/main.php:48)
Stack trace:
#0 /var/www/html/jobtest/protected/views/layouts/main.php(48): date()
#1 /var/www/html/framework/web/CBaseController.php(126): require()
#2 /var/www/html/framework/web/CBaseController.php(95): SiteController->renderInternal()
#3 /var/www/html/framework/web/widgets/CContentDecorator.php(76): SiteController->renderFile()
#4 /var/www/html/framework/web/widgets/CContentDecorator.php(54): CContentDecorator->decorate()
#5 /var/www/html/framework/web/widgets/COutputProcessor.php(44): CContentDecorator->processOutput()
#6 /var/www/html/framework/web/CBaseController.php(215): CContentDecorator->run()
#7 /var/www/html/framework/web/CBaseController.php(309): SiteController->endWidget()
#8 /var/www/html/jobtest/protected/views/layouts/column1.php(6): SiteController->endContent()
#9 /var/www/html/framework/web/CBaseController.php(126): require()
#10 /var/www/html/framework/web/CBaseController.php(95): SiteController->renderInternal()
#11 /var/www/html/framework/web/CController.php(787): SiteController->renderFile()
#12 /var/www/html/jobtest/protected/controllers/SiteController.php(32): SiteController->render()
#13 /var/www/html/framework/web/actions/CInlineAction.php(49): SiteController->actionIndex()
#14 /var/www/html/framework/web/CController.php(308): CInlineAction->runWithParams()
#15 /var/www/html/framework/web/CController.php(286): SiteController->runAction()
#16 /var/www/html/framework/web/CController.php(265): SiteController->runActionWithFilters()
#17 /var/www/html/framework/web/CWebApplication.php(282): SiteController->run()
#18 /var/www/html/framework/web/CWebApplication.php(141): CWebApplication->runController()
#19 /var/www/html/framework/base/CApplication.php(185): CWebApplication->processRequest()
#20 /var/www/html/jobtest/index.php(13): CWebApplication->run()
REQUEST_URI=/jobtest/
in /var/www/html/jobtest/protected/views/layouts/main.php (48)
in /var/www/html/jobtest/protected/views/layouts/column1.php (6)
in /var/www/html/jobtest/protected/controllers/SiteController.php (32)
2024/12/27 08:31:08 [error] [php] date(): It is not safe to rely on the system's timezone settings. You are *required* to use the date.timezone setting or the date_default_timezone_set() function. In case you used any of those methods and you are still getting this warning, you most likely misspelled the timezone identifier. We selected the timezone 'UTC' for now, but please set date.timezone to select your timezone. (/var/www/html/jobtest/protected/views/layouts/main.php:48)
Stack trace:
#0 /var/www/html/jobtest/protected/views/layouts/main.php(48): date()
#1 /var/www/html/framework/web/CBaseController.php(126): require()
#2 /var/www/html/framework/web/CBaseController.php(95): SiteController->renderInternal()
#3 /var/www/html/framework/web/widgets/CContentDecorator.php(76): SiteController->renderFile()
#4 /var/www/html/framework/web/widgets/CContentDecorator.php(54): CContentDecorator->decorate()
#5 /var/www/html/framework/web/widgets/COutputProcessor.php(44): CContentDecorator->processOutput()
#6 /var/www/html/framework/web/CBaseController.php(215): CContentDecorator->run()
#7 /var/www/html/framework/web/CBaseController.php(309): SiteController->endWidget()
#8 /var/www/html/jobtest/protected/views/layouts/column1.php(6): SiteController->endContent()
#9 /var/www/html/framework/web/CBaseController.php(126): require()
#10 /var/www/html/framework/web/CBaseController.php(95): SiteController->renderInternal()
#11 /var/www/html/framework/web/CController.php(787): SiteController->renderFile()
#12 /var/www/html/jobtest/protected/controllers/SiteController.php(32): SiteController->render()
#13 /var/www/html/framework/web/actions/CInlineAction.php(49): SiteController->actionIndex()
#14 /var/www/html/framework/web/CController.php(308): CInlineAction->runWithParams()
#15 /var/www/html/framework/web/CController.php(286): SiteController->runAction()
#16 /var/www/html/framework/web/CController.php(265): SiteController->runActionWithFilters()
#17 /var/www/html/framework/web/CWebApplication.php(282): SiteController->run()
#18 /var/www/html/framework/web/CWebApplication.php(141): CWebApplication->runController()
#19 /var/www/html/framework/base/CApplication.php(185): CWebApplication->processRequest()
#20 /var/www/html/jobtest/index.php(13): CWebApplication->run()
REQUEST_URI=/jobtest/
in /var/www/html/jobtest/protected/views/layouts/main.php (48)
in /var/www/html/jobtest/protected/views/layouts/column1.php (6)
in /var/www/html/jobtest/protected/controllers/SiteController.php (32)
2024/12/27 08:31:08 [error] [php] date(): It is not safe to rely on the system's timezone settings. You are *required* to use the date.timezone setting or the date_default_timezone_set() function. In case you used any of those methods and you are still getting this warning, you most likely misspelled the timezone identifier. We selected the timezone 'UTC' for now, but please set date.timezone to select your timezone. (/var/www/html/jobtest/protected/views/layouts/main.php:48)
Stack trace:
#0 /var/www/html/jobtest/protected/views/layouts/main.php(48): date()
#1 /var/www/html/framework/web/CBaseController.php(126): require()
#2 /var/www/html/framework/web/CBaseController.php(95): SiteController->renderInternal()
#3 /var/www/html/framework/web/widgets/CContentDecorator.php(76): SiteController->renderFile()
#4 /var/www/html/framework/web/widgets/CContentDecorator.php(54): CContentDecorator->decorate()
#5 /var/www/html/framework/web/widgets/COutputProcessor.php(44): CContentDecorator->processOutput()
#6 /var/www/html/framework/web/CBaseController.php(215): CContentDecorator->run()
#7 /var/www/html/framework/web/CBaseController.php(309): SiteController->endWidget()
#8 /var/www/html/jobtest/protected/views/layouts/column1.php(6): SiteController->endContent()
#9 /var/www/html/framework/web/CBaseController.php(126): require()
#10 /var/www/html/framework/web/CBaseController.php(95): SiteController->renderInternal()
#11 /var/www/html/framework/web/CController.php(787): SiteController->renderFile()
#12 /var/www/html/jobtest/protected/controllers/SiteController.php(32): SiteController->render()
#13 /var/www/html/framework/web/actions/CInlineAction.php(49): SiteController->actionIndex()
#14 /var/www/html/framework/web/CController.php(308): CInlineAction->runWithParams()
#15 /var/www/html/framework/web/CController.php(286): SiteController->runAction()
#16 /var/www/html/framework/web/CController.php(265): SiteController->runActionWithFilters()
#17 /var/www/html/framework/web/CWebApplication.php(282): SiteController->run()
#18 /var/www/html/framework/web/CWebApplication.php(141): CWebApplication->runController()
#19 /var/www/html/framework/base/CApplication.php(185): CWebApplication->processRequest()
#20 /var/www/html/jobtest/index.php(13): CWebApplication->run()
REQUEST_URI=/jobtest/
in /var/www/html/jobtest/protected/views/layouts/main.php (48)
in /var/www/html/jobtest/protected/views/layouts/column1.php (6)
in /var/www/html/jobtest/protected/controllers/SiteController.php (32)
2024/12/27 08:31:08 [error] [php] date(): It is not safe to rely on the system's timezone settings. You are *required* to use the date.timezone setting or the date_default_timezone_set() function. In case you used any of those methods and you are still getting this warning, you most likely misspelled the timezone identifier. We selected the timezone 'UTC' for now, but please set date.timezone to select your timezone. (/var/www/html/jobtest/protected/views/layouts/main.php:48)
Stack trace:
#0 /var/www/html/jobtest/protected/views/layouts/main.php(48): date()
#1 /var/www/html/framework/web/CBaseController.php(126): require()
#2 /var/www/html/framework/web/CBaseController.php(95): SiteController->renderInternal()
#3 /var/www/html/framework/web/widgets/CContentDecorator.php(76): SiteController->renderFile()
#4 /var/www/html/framework/web/widgets/CContentDecorator.php(54): CContentDecorator->decorate()
#5 /var/www/html/framework/web/widgets/COutputProcessor.php(44): CContentDecorator->processOutput()
#6 /var/www/html/framework/web/CBaseController.php(215): CContentDecorator->run()
#7 /var/www/html/framework/web/CBaseController.php(309): SiteController->endWidget()
#8 /var/www/html/jobtest/protected/views/layouts/column1.php(6): SiteController->endContent()
#9 /var/www/html/framework/web/CBaseController.php(126): require()
#10 /var/www/html/framework/web/CBaseController.php(95): SiteController->renderInternal()
#11 /var/www/html/framework/web/CController.php(787): SiteController->renderFile()
#12 /var/www/html/jobtest/protected/controllers/SiteController.php(32): SiteController->render()
#13 /var/www/html/framework/web/actions/CInlineAction.php(49): SiteController->actionIndex()
#14 /var/www/html/framework/web/CController.php(308): CInlineAction->runWithParams()
#15 /var/www/html/framework/web/CController.php(286): SiteController->runAction()
#16 /var/www/html/framework/web/CController.php(265): SiteController->runActionWithFilters()
#17 /var/www/html/framework/web/CWebApplication.php(282): SiteController->run()
#18 /var/www/html/framework/web/CWebApplication.php(141): CWebApplication->runController()
#19 /var/www/html/framework/base/CApplication.php(185): CWebApplication->processRequest()
#20 /var/www/html/jobtest/index.php(13): CWebApplication->run()
REQUEST_URI=/jobtest/
in /var/www/html/jobtest/protected/views/layouts/main.php (48)
in /var/www/html/jobtest/protected/views/layouts/column1.php (6)
in /var/www/html/jobtest/protected/controllers/SiteController.php (32)
2024/12/27 08:31:08 [error] [php] date(): It is not safe to rely on the system's timezone settings. You are *required* to use the date.timezone setting or the date_default_timezone_set() function. In case you used any of those methods and you are still getting this warning, you most likely misspelled the timezone identifier. We selected the timezone 'UTC' for now, but please set date.timezone to select your timezone. (/var/www/html/jobtest/protected/views/layouts/main.php:48)
Stack trace:
#0 /var/www/html/jobtest/protected/views/layouts/main.php(48): date()
#1 /var/www/html/framework/web/CBaseController.php(126): require()
#2 /var/www/html/framework/web/CBaseController.php(95): SiteController->renderInternal()
#3 /var/www/html/framework/web/widgets/CContentDecorator.php(76): SiteController->renderFile()
#4 /var/www/html/framework/web/widgets/CContentDecorator.php(54): CContentDecorator->decorate()
#5 /var/www/html/framework/web/widgets/COutputProcessor.php(44): CContentDecorator->processOutput()
#6 /var/www/html/framework/web/CBaseController.php(215): CContentDecorator->run()
#7 /var/www/html/framework/web/CBaseController.php(309): SiteController->endWidget()
#8 /var/www/html/jobtest/protected/views/layouts/column1.php(6): SiteController->endContent()
#9 /var/www/html/framework/web/CBaseController.php(126): require()
#10 /var/www/html/framework/web/CBaseController.php(95): SiteController->renderInternal()
#11 /var/www/html/framework/web/CController.php(787): SiteController->renderFile()
#12 /var/www/html/jobtest/protected/controllers/SiteController.php(32): SiteController->render()
#13 /var/www/html/framework/web/actions/CInlineAction.php(49): SiteController->actionIndex()
#14 /var/www/html/framework/web/CController.php(308): CInlineAction->runWithParams()
#15 /var/www/html/framework/web/CController.php(286): SiteController->runAction()
#16 /var/www/html/framework/web/CController.php(265): SiteController->runActionWithFilters()
#17 /var/www/html/framework/web/CWebApplication.php(282): SiteController->run()
#18 /var/www/html/framework/web/CWebApplication.php(141): CWebApplication->runController()
#19 /var/www/html/framework/base/CApplication.php(185): CWebApplication->processRequest()
#20 /var/www/html/jobtest/index.php(13): CWebApplication->run()
REQUEST_URI=/jobtest/
in /var/www/html/jobtest/protected/views/layouts/main.php (48)
in /var/www/html/jobtest/protected/views/layouts/column1.php (6)
in /var/www/html/jobtest/protected/controllers/SiteController.php (32)
2024/12/27 08:31:09 [error] [php] date(): It is not safe to rely on the system's timezone settings. You are *required* to use the date.timezone setting or the date_default_timezone_set() function. In case you used any of those methods and you are still getting this warning, you most likely misspelled the timezone identifier. We selected the timezone 'UTC' for now, but please set date.timezone to select your timezone. (/var/www/html/jobtest/protected/views/layouts/main.php:48)
Stack trace:
#0 /var/www/html/jobtest/protected/views/layouts/main.php(48): date()
#1 /var/www/html/framework/web/CBaseController.php(126): require()
#2 /var/www/html/framework/web/CBaseController.php(95): SiteController->renderInternal()
#3 /var/www/html/framework/web/widgets/CContentDecorator.php(76): SiteController->renderFile()
#4 /var/www/html/framework/web/widgets/CContentDecorator.php(54): CContentDecorator->decorate()
#5 /var/www/html/framework/web/widgets/COutputProcessor.php(44): CContentDecorator->processOutput()
#6 /var/www/html/framework/web/CBaseController.php(215): CContentDecorator->run()
#7 /var/www/html/framework/web/CBaseController.php(309): SiteController->endWidget()
#8 /var/www/html/jobtest/protected/views/layouts/column1.php(6): SiteController->endContent()
#9 /var/www/html/framework/web/CBaseController.php(126): require()
#10 /var/www/html/framework/web/CBaseController.php(95): SiteController->renderInternal()
#11 /var/www/html/framework/web/CController.php(787): SiteController->renderFile()
#12 /var/www/html/jobtest/protected/controllers/SiteController.php(32): SiteController->render()
#13 /var/www/html/framework/web/actions/CInlineAction.php(49): SiteController->actionIndex()
#14 /var/www/html/framework/web/CController.php(308): CInlineAction->runWithParams()
#15 /var/www/html/framework/web/CController.php(286): SiteController->runAction()
#16 /var/www/html/framework/web/CController.php(265): SiteController->runActionWithFilters()
#17 /var/www/html/framework/web/CWebApplication.php(282): SiteController->run()
#18 /var/www/html/framework/web/CWebApplication.php(141): CWebApplication->runController()
#19 /var/www/html/framework/base/CApplication.php(185): CWebApplication->processRequest()
#20 /var/www/html/jobtest/index.php(13): CWebApplication->run()
REQUEST_URI=/jobtest/
in /var/www/html/jobtest/protected/views/layouts/main.php (48)
in /var/www/html/jobtest/protected/views/layouts/column1.php (6)
in /var/www/html/jobtest/protected/controllers/SiteController.php (32)
2024/12/27 08:35:02 [error] [php] date(): It is not safe to rely on the system's timezone settings. You are *required* to use the date.timezone setting or the date_default_timezone_set() function. In case you used any of those methods and you are still getting this warning, you most likely misspelled the timezone identifier. We selected the timezone 'UTC' for now, but please set date.timezone to select your timezone. (/var/www/html/jobtest/protected/views/layouts/main.php:48)
Stack trace:
#0 /var/www/html/jobtest/protected/views/layouts/main.php(48): date()
#1 /var/www/html/framework/web/CBaseController.php(126): require()
#2 /var/www/html/framework/web/CBaseController.php(95): SiteController->renderInternal()
#3 /var/www/html/framework/web/widgets/CContentDecorator.php(76): SiteController->renderFile()
#4 /var/www/html/framework/web/widgets/CContentDecorator.php(54): CContentDecorator->decorate()
#5 /var/www/html/framework/web/widgets/COutputProcessor.php(44): CContentDecorator->processOutput()
#6 /var/www/html/framework/web/CBaseController.php(215): CContentDecorator->run()
#7 /var/www/html/framework/web/CBaseController.php(309): SiteController->endWidget()
#8 /var/www/html/jobtest/protected/views/layouts/column1.php(6): SiteController->endContent()
#9 /var/www/html/framework/web/CBaseController.php(126): require()
#10 /var/www/html/framework/web/CBaseController.php(95): SiteController->renderInternal()
#11 /var/www/html/framework/web/CController.php(787): SiteController->renderFile()
#12 /var/www/html/jobtest/protected/controllers/SiteController.php(32): SiteController->render()
#13 /var/www/html/framework/web/actions/CInlineAction.php(49): SiteController->actionIndex()
#14 /var/www/html/framework/web/CController.php(308): CInlineAction->runWithParams()
#15 /var/www/html/framework/web/CController.php(286): SiteController->runAction()
#16 /var/www/html/framework/web/CController.php(265): SiteController->runActionWithFilters()
#17 /var/www/html/framework/web/CWebApplication.php(282): SiteController->run()
#18 /var/www/html/framework/web/CWebApplication.php(141): CWebApplication->runController()
#19 /var/www/html/framework/base/CApplication.php(185): CWebApplication->processRequest()
#20 /var/www/html/jobtest/index.php(13): CWebApplication->run()
REQUEST_URI=/jobtest/index.php
in /var/www/html/jobtest/protected/views/layouts/main.php (48)
in /var/www/html/jobtest/protected/views/layouts/column1.php (6)
in /var/www/html/jobtest/protected/controllers/SiteController.php (32)
2024/12/27 03:39:17 [error] [exception.CDbException] exception 'CDbException' with message 'CDbConnection failed to open the DB connection: SQLSTATE[HY000] [2002] No such file or directory' in /var/www/html/framework/db/CDbConnection.php:399
Stack trace:
#0 /var/www/html/framework/db/CDbConnection.php(347): CDbConnection->open()
#1 /var/www/html/framework/db/CDbConnection.php(325): CDbConnection->setActive(true)
#2 /var/www/html/framework/base/CModule.php(394): CDbConnection->init()
#3 /var/www/html/framework/base/CApplication.php(459): CModule->getComponent('db')
#4 /var/www/html/framework/db/ar/CActiveRecord.php(639): CApplication->getDb()
#5 /var/www/html/framework/db/ar/CActiveRecord.php(1436): CActiveRecord->getDbConnection()
#6 /var/www/html/framework/db/ar/CActiveRecord.php(1525): CActiveRecord->getTableAlias(true)
#7 /var/www/html/jobtest/protected/components/UserIdentity.php(22): CActiveRecord->findByAttributes(Array)
#8 /var/www/html/jobtest/protected/models/LoginForm.php(55): UserIdentity->authenticate()
#9 /var/www/html/framework/validators/CInlineValidator.php(42): LoginForm->authenticate('password', Array)
#10 /var/www/html/framework/validators/CValidator.php(201): CInlineValidator->validateAttribute(Object(LoginForm), 'password')
#11 /var/www/html/framework/base/CModel.php(159): CValidator->validate(Object(LoginForm), NULL)
#12 /var/www/html/jobtest/protected/controllers/LoginController.php(12): CModel->validate()
#13 /var/www/html/framework/web/actions/CInlineAction.php(49): LoginController->actionIndex()
#14 /var/www/html/framework/web/CController.php(308): CInlineAction->runWithParams(Array)
#15 /var/www/html/framework/web/CController.php(286): CController->runAction(Object(CInlineAction))
#16 /var/www/html/framework/web/CController.php(265): CController->runActionWithFilters(Object(CInlineAction), Array)
#17 /var/www/html/framework/web/CWebApplication.php(282): CController->run('')
#18 /var/www/html/framework/web/CWebApplication.php(141): CWebApplication->runController('login')
#19 /var/www/html/framework/base/CApplication.php(185): CWebApplication->processRequest()
#20 /var/www/html/jobtest/index.php(13): CApplication->run()
#21 {main}
REQUEST_URI=/jobtest/index.php?r=login
HTTP_REFERER=http://localhost:8080/jobtest/index.php?r=login
---
2024/12/27 03:43:16 [error] [exception.CDbException] exception 'CDbException' with message 'CDbConnection failed to open the DB connection: SQLSTATE[HY000] [1045] Access denied for user 'root'@'172.24.0.2' (using password: NO)' in /var/www/html/framework/db/CDbConnection.php:399
Stack trace:
#0 /var/www/html/framework/db/CDbConnection.php(347): CDbConnection->open()
#1 /var/www/html/framework/db/CDbConnection.php(325): CDbConnection->setActive(true)
#2 /var/www/html/framework/base/CModule.php(394): CDbConnection->init()
#3 /var/www/html/framework/base/CApplication.php(459): CModule->getComponent('db')
#4 /var/www/html/framework/db/ar/CActiveRecord.php(639): CApplication->getDb()
#5 /var/www/html/framework/db/ar/CActiveRecord.php(1436): CActiveRecord->getDbConnection()
#6 /var/www/html/framework/db/ar/CActiveRecord.php(1525): CActiveRecord->getTableAlias(true)
#7 /var/www/html/jobtest/protected/components/UserIdentity.php(22): CActiveRecord->findByAttributes(Array)
#8 /var/www/html/jobtest/protected/models/LoginForm.php(55): UserIdentity->authenticate()
#9 /var/www/html/framework/validators/CInlineValidator.php(42): LoginForm->authenticate('password', Array)
#10 /var/www/html/framework/validators/CValidator.php(201): CInlineValidator->validateAttribute(Object(LoginForm), 'password')
#11 /var/www/html/framework/base/CModel.php(159): CValidator->validate(Object(LoginForm), NULL)
#12 /var/www/html/jobtest/protected/controllers/LoginController.php(12): CModel->validate()
#13 /var/www/html/framework/web/actions/CInlineAction.php(49): LoginController->actionIndex()
#14 /var/www/html/framework/web/CController.php(308): CInlineAction->runWithParams(Array)
#15 /var/www/html/framework/web/CController.php(286): CController->runAction(Object(CInlineAction))
#16 /var/www/html/framework/web/CController.php(265): CController->runActionWithFilters(Object(CInlineAction), Array)
#17 /var/www/html/framework/web/CWebApplication.php(282): CController->run('')
#18 /var/www/html/framework/web/CWebApplication.php(141): CWebApplication->runController('login')
#19 /var/www/html/framework/base/CApplication.php(185): CWebApplication->processRequest()
#20 /var/www/html/jobtest/index.php(13): CApplication->run()
#21 {main}
REQUEST_URI=/jobtest/index.php?r=login
HTTP_REFERER=http://localhost:8080/jobtest/index.php?r=login
---
2024/12/27 03:43:55 [error] [system.db.CDbCommand] CDbCommand::fetchAll() failed: SQLSTATE[42S02]: Base table or view not found: 1146 Table 'yii1_database.emp' doesn't exist. The SQL statement executed was: SHOW FULL COLUMNS FROM `emp`.
in /var/www/html/jobtest/protected/components/UserIdentity.php (22)
in /var/www/html/jobtest/protected/models/LoginForm.php (55)
in /var/www/html/jobtest/protected/controllers/LoginController.php (12)
2024/12/27 03:43:55 [error] [exception.CDbException] exception 'CDbException' with message 'The table "emp" for active record class "Emp" cannot be found in the database.' in /var/www/html/framework/db/ar/CActiveRecord.php:2391
Stack trace:
#0 /var/www/html/framework/db/ar/CActiveRecord.php(413): CActiveRecordMetaData->__construct(Object(Emp))
#1 /var/www/html/framework/db/ar/CActiveRecord.php(663): CActiveRecord->getMetaData()
#2 /var/www/html/framework/db/ar/CActiveRecord.php(1526): CActiveRecord->getTableSchema()
#3 /var/www/html/jobtest/protected/components/UserIdentity.php(22): CActiveRecord->findByAttributes(Array)
#4 /var/www/html/jobtest/protected/models/LoginForm.php(55): UserIdentity->authenticate()
#5 /var/www/html/framework/validators/CInlineValidator.php(42): LoginForm->authenticate('password', Array)
#6 /var/www/html/framework/validators/CValidator.php(201): CInlineValidator->validateAttribute(Object(LoginForm), 'password')
#7 /var/www/html/framework/base/CModel.php(159): CValidator->validate(Object(LoginForm), NULL)
#8 /var/www/html/jobtest/protected/controllers/LoginController.php(12): CModel->validate()
#9 /var/www/html/framework/web/actions/CInlineAction.php(49): LoginController->actionIndex()
#10 /var/www/html/framework/web/CController.php(308): CInlineAction->runWithParams(Array)
#11 /var/www/html/framework/web/CController.php(286): CController->runAction(Object(CInlineAction))
#12 /var/www/html/framework/web/CController.php(265): CController->runActionWithFilters(Object(CInlineAction), Array)
#13 /var/www/html/framework/web/CWebApplication.php(282): CController->run('')
#14 /var/www/html/framework/web/CWebApplication.php(141): CWebApplication->runController('login')
#15 /var/www/html/framework/base/CApplication.php(185): CWebApplication->processRequest()
#16 /var/www/html/jobtest/index.php(13): CApplication->run()
#17 {main}
REQUEST_URI=/jobtest/index.php?r=login
HTTP_REFERER=http://localhost:8080/jobtest/index.php?r=login
---
2024/12/27 04:47:43 [error] [system.db.CDbCommand] CDbCommand::fetchAll() failed: SQLSTATE[42S02]: Base table or view not found: 1146 Table 'yii1_database.emp' doesn't exist. The SQL statement executed was: SHOW FULL COLUMNS FROM `emp`.
in /var/www/html/jobtest/protected/components/UserIdentity.php (22)
in /var/www/html/jobtest/protected/models/LoginForm.php (55)
in /var/www/html/jobtest/protected/controllers/LoginController.php (12)
2024/12/27 04:47:43 [error] [exception.CDbException] exception 'CDbException' with message 'The table "emp" for active record class "Emp" cannot be found in the database.' in /var/www/html/framework/db/ar/CActiveRecord.php:2391
Stack trace:
#0 /var/www/html/framework/db/ar/CActiveRecord.php(413): CActiveRecordMetaData->__construct(Object(Emp))
#1 /var/www/html/framework/db/ar/CActiveRecord.php(663): CActiveRecord->getMetaData()
#2 /var/www/html/framework/db/ar/CActiveRecord.php(1526): CActiveRecord->getTableSchema()
#3 /var/www/html/jobtest/protected/components/UserIdentity.php(22): CActiveRecord->findByAttributes(Array)
#4 /var/www/html/jobtest/protected/models/LoginForm.php(55): UserIdentity->authenticate()
#5 /var/www/html/framework/validators/CInlineValidator.php(42): LoginForm->authenticate('password', Array)
#6 /var/www/html/framework/validators/CValidator.php(201): CInlineValidator->validateAttribute(Object(LoginForm), 'password')
#7 /var/www/html/framework/base/CModel.php(159): CValidator->validate(Object(LoginForm), NULL)
#8 /var/www/html/jobtest/protected/controllers/LoginController.php(12): CModel->validate()
#9 /var/www/html/framework/web/actions/CInlineAction.php(49): LoginController->actionIndex()
#10 /var/www/html/framework/web/CController.php(308): CInlineAction->runWithParams(Array)
#11 /var/www/html/framework/web/CController.php(286): CController->runAction(Object(CInlineAction))
#12 /var/www/html/framework/web/CController.php(265): CController->runActionWithFilters(Object(CInlineAction), Array)
#13 /var/www/html/framework/web/CWebApplication.php(282): CController->run('')
#14 /var/www/html/framework/web/CWebApplication.php(141): CWebApplication->runController('login')
#15 /var/www/html/framework/base/CApplication.php(185): CWebApplication->processRequest()
#16 /var/www/html/jobtest/index.php(13): CApplication->run()
#17 {main}
REQUEST_URI=/jobtest/index.php?r=login
HTTP_REFERER=http://localhost:8080/jobtest/index.php?r=login
---
2024/12/27 04:47:45 [error] [system.db.CDbCommand] CDbCommand::fetchAll() failed: SQLSTATE[42S02]: Base table or view not found: 1146 Table 'yii1_database.emp' doesn't exist. The SQL statement executed was: SHOW FULL COLUMNS FROM `emp`.
in /var/www/html/jobtest/protected/components/UserIdentity.php (22)
in /var/www/html/jobtest/protected/models/LoginForm.php (55)
in /var/www/html/jobtest/protected/controllers/LoginController.php (12)
2024/12/27 04:47:45 [error] [exception.CDbException] exception 'CDbException' with message 'The table "emp" for active record class "Emp" cannot be found in the database.' in /var/www/html/framework/db/ar/CActiveRecord.php:2391
Stack trace:
#0 /var/www/html/framework/db/ar/CActiveRecord.php(413): CActiveRecordMetaData->__construct(Object(Emp))
#1 /var/www/html/framework/db/ar/CActiveRecord.php(663): CActiveRecord->getMetaData()
#2 /var/www/html/framework/db/ar/CActiveRecord.php(1526): CActiveRecord->getTableSchema()
#3 /var/www/html/jobtest/protected/components/UserIdentity.php(22): CActiveRecord->findByAttributes(Array)
#4 /var/www/html/jobtest/protected/models/LoginForm.php(55): UserIdentity->authenticate()
#5 /var/www/html/framework/validators/CInlineValidator.php(42): LoginForm->authenticate('password', Array)
#6 /var/www/html/framework/validators/CValidator.php(201): CInlineValidator->validateAttribute(Object(LoginForm), 'password')
#7 /var/www/html/framework/base/CModel.php(159): CValidator->validate(Object(LoginForm), NULL)
#8 /var/www/html/jobtest/protected/controllers/LoginController.php(12): CModel->validate()
#9 /var/www/html/framework/web/actions/CInlineAction.php(49): LoginController->actionIndex()
#10 /var/www/html/framework/web/CController.php(308): CInlineAction->runWithParams(Array)
#11 /var/www/html/framework/web/CController.php(286): CController->runAction(Object(CInlineAction))
#12 /var/www/html/framework/web/CController.php(265): CController->runActionWithFilters(Object(CInlineAction), Array)
#13 /var/www/html/framework/web/CWebApplication.php(282): CController->run('')
#14 /var/www/html/framework/web/CWebApplication.php(141): CWebApplication->runController('login')
#15 /var/www/html/framework/base/CApplication.php(185): CWebApplication->processRequest()
#16 /var/www/html/jobtest/index.php(13): CApplication->run()
#17 {main}
REQUEST_URI=/jobtest/index.php?r=login
HTTP_REFERER=http://localhost:8080/jobtest/index.php?r=login
---
2024/12/27 14:50:27 [error] [system.db.CDbCommand] CDbCommand::fetchAll() failed: SQLSTATE[42S02]: Base table or view not found: 1146 Table 'yii1_database.emp' doesn't exist. The SQL statement executed was: SHOW FULL COLUMNS FROM `emp`.
in /var/www/html/jobtest/protected/components/UserIdentity.php (22)
in /var/www/html/jobtest/protected/models/LoginForm.php (55)
in /var/www/html/jobtest/protected/controllers/LoginController.php (12)
2024/12/27 14:50:27 [error] [exception.CDbException] exception 'CDbException' with message 'The table "emp" for active record class "Emp" cannot be found in the database.' in /var/www/html/framework/db/ar/CActiveRecord.php:2391
Stack trace:
#0 /var/www/html/framework/db/ar/CActiveRecord.php(413): CActiveRecordMetaData->__construct(Object(Emp))
#1 /var/www/html/framework/db/ar/CActiveRecord.php(663): CActiveRecord->getMetaData()
#2 /var/www/html/framework/db/ar/CActiveRecord.php(1526): CActiveRecord->getTableSchema()
#3 /var/www/html/jobtest/protected/components/UserIdentity.php(22): CActiveRecord->findByAttributes(Array)
#4 /var/www/html/jobtest/protected/models/LoginForm.php(55): UserIdentity->authenticate()
#5 /var/www/html/framework/validators/CInlineValidator.php(42): LoginForm->authenticate('password', Array)
#6 /var/www/html/framework/validators/CValidator.php(201): CInlineValidator->validateAttribute(Object(LoginForm), 'password')
#7 /var/www/html/framework/base/CModel.php(159): CValidator->validate(Object(LoginForm), NULL)
#8 /var/www/html/jobtest/protected/controllers/LoginController.php(12): CModel->validate()
#9 /var/www/html/framework/web/actions/CInlineAction.php(49): LoginController->actionIndex()
#10 /var/www/html/framework/web/CController.php(308): CInlineAction->runWithParams(Array)
#11 /var/www/html/framework/web/CController.php(286): CController->runAction(Object(CInlineAction))
#12 /var/www/html/framework/web/CController.php(265): CController->runActionWithFilters(Object(CInlineAction), Array)
#13 /var/www/html/framework/web/CWebApplication.php(282): CController->run('')
#14 /var/www/html/framework/web/CWebApplication.php(141): CWebApplication->runController('login')
#15 /var/www/html/framework/base/CApplication.php(185): CWebApplication->processRequest()
#16 /var/www/html/jobtest/index.php(13): CApplication->run()
#17 {main}
REQUEST_URI=/jobtest/index.php?r=login
HTTP_REFERER=http://localhost:8080/jobtest/index.php?r=login
---
2024/12/27 14:59:56 [error] [system.db.CDbCommand] CDbCommand::fetchAll() failed: SQLSTATE[42S02]: Base table or view not found: 1146 Table 'yii1_database.emp' doesn't exist. The SQL statement executed was: SHOW FULL COLUMNS FROM `emp`.
in /var/www/html/jobtest/protected/components/UserIdentity.php (22)
in /var/www/html/jobtest/protected/models/LoginForm.php (55)
in /var/www/html/jobtest/protected/controllers/LoginController.php (12)
2024/12/27 14:59:56 [error] [exception.CDbException] exception 'CDbException' with message 'The table "emp" for active record class "Emp" cannot be found in the database.' in /var/www/html/framework/db/ar/CActiveRecord.php:2391
Stack trace:
#0 /var/www/html/framework/db/ar/CActiveRecord.php(413): CActiveRecordMetaData->__construct(Object(Emp))
#1 /var/www/html/framework/db/ar/CActiveRecord.php(663): CActiveRecord->getMetaData()
#2 /var/www/html/framework/db/ar/CActiveRecord.php(1526): CActiveRecord->getTableSchema()
#3 /var/www/html/jobtest/protected/components/UserIdentity.php(22): CActiveRecord->findByAttributes(Array)
#4 /var/www/html/jobtest/protected/models/LoginForm.php(55): UserIdentity->authenticate()
#5 /var/www/html/framework/validators/CInlineValidator.php(42): LoginForm->authenticate('password', Array)
#6 /var/www/html/framework/validators/CValidator.php(201): CInlineValidator->validateAttribute(Object(LoginForm), 'password')
#7 /var/www/html/framework/base/CModel.php(159): CValidator->validate(Object(LoginForm), NULL)
#8 /var/www/html/jobtest/protected/controllers/LoginController.php(12): CModel->validate()
#9 /var/www/html/framework/web/actions/CInlineAction.php(49): LoginController->actionIndex()
#10 /var/www/html/framework/web/CController.php(308): CInlineAction->runWithParams(Array)
#11 /var/www/html/framework/web/CController.php(286): CController->runAction(Object(CInlineAction))
#12 /var/www/html/framework/web/CController.php(265): CController->runActionWithFilters(Object(CInlineAction), Array)
#13 /var/www/html/framework/web/CWebApplication.php(282): CController->run('')
#14 /var/www/html/framework/web/CWebApplication.php(141): CWebApplication->runController('login')
#15 /var/www/html/framework/base/CApplication.php(185): CWebApplication->processRequest()
#16 /var/www/html/jobtest/index.php(13): CApplication->run()
#17 {main}
REQUEST_URI=/jobtest/index.php?r=login
HTTP_REFERER=http://localhost:8080/jobtest/index.php?r=login
---
2024/12/27 15:00:03 [error] [system.db.CDbCommand] CDbCommand::fetchAll() failed: SQLSTATE[42S02]: Base table or view not found: 1146 Table 'yii1_database.emp' doesn't exist. The SQL statement executed was: SHOW FULL COLUMNS FROM `emp`.
in /var/www/html/jobtest/protected/components/UserIdentity.php (22)
in /var/www/html/jobtest/protected/models/LoginForm.php (55)
in /var/www/html/jobtest/protected/controllers/LoginController.php (12)
2024/12/27 15:00:03 [error] [exception.CDbException] exception 'CDbException' with message 'The table "emp" for active record class "Emp" cannot be found in the database.' in /var/www/html/framework/db/ar/CActiveRecord.php:2391
Stack trace:
#0 /var/www/html/framework/db/ar/CActiveRecord.php(413): CActiveRecordMetaData->__construct(Object(Emp))
#1 /var/www/html/framework/db/ar/CActiveRecord.php(663): CActiveRecord->getMetaData()
#2 /var/www/html/framework/db/ar/CActiveRecord.php(1526): CActiveRecord->getTableSchema()
#3 /var/www/html/jobtest/protected/components/UserIdentity.php(22): CActiveRecord->findByAttributes(Array)
#4 /var/www/html/jobtest/protected/models/LoginForm.php(55): UserIdentity->authenticate()
#5 /var/www/html/framework/validators/CInlineValidator.php(42): LoginForm->authenticate('password', Array)
#6 /var/www/html/framework/validators/CValidator.php(201): CInlineValidator->validateAttribute(Object(LoginForm), 'password')
#7 /var/www/html/framework/base/CModel.php(159): CValidator->validate(Object(LoginForm), NULL)
#8 /var/www/html/jobtest/protected/controllers/LoginController.php(12): CModel->validate()
#9 /var/www/html/framework/web/actions/CInlineAction.php(49): LoginController->actionIndex()
#10 /var/www/html/framework/web/CController.php(308): CInlineAction->runWithParams(Array)
#11 /var/www/html/framework/web/CController.php(286): CController->runAction(Object(CInlineAction))
#12 /var/www/html/framework/web/CController.php(265): CController->runActionWithFilters(Object(CInlineAction), Array)
#13 /var/www/html/framework/web/CWebApplication.php(282): CController->run('')
#14 /var/www/html/framework/web/CWebApplication.php(141): CWebApplication->runController('login')
#15 /var/www/html/framework/base/CApplication.php(185): CWebApplication->processRequest()
#16 /var/www/html/jobtest/index.php(13): CApplication->run()
#17 {main}
REQUEST_URI=/jobtest/index.php?r=login
HTTP_REFERER=http://localhost:8080/jobtest/index.php?r=login
---
2024/12/27 15:01:52 [error] [exception.CDbException] exception 'CDbException' with message 'CDbConnection failed to open the DB connection: SQLSTATE[HY000] [1045] Access denied for user 'root'@'172.24.0.3' (using password: YES)' in /var/www/html/framework/db/CDbConnection.php:399
Stack trace:
#0 /var/www/html/framework/db/CDbConnection.php(347): CDbConnection->open()
#1 /var/www/html/framework/db/CDbConnection.php(325): CDbConnection->setActive(true)
#2 /var/www/html/framework/base/CModule.php(394): CDbConnection->init()
#3 /var/www/html/framework/base/CApplication.php(459): CModule->getComponent('db')
#4 /var/www/html/framework/db/ar/CActiveRecord.php(639): CApplication->getDb()
#5 /var/www/html/framework/db/ar/CActiveRecord.php(1436): CActiveRecord->getDbConnection()
#6 /var/www/html/framework/db/ar/CActiveRecord.php(1525): CActiveRecord->getTableAlias(true)
#7 /var/www/html/jobtest/protected/components/UserIdentity.php(22): CActiveRecord->findByAttributes(Array)
#8 /var/www/html/jobtest/protected/models/LoginForm.php(55): UserIdentity->authenticate()
#9 /var/www/html/framework/validators/CInlineValidator.php(42): LoginForm->authenticate('password', Array)
#10 /var/www/html/framework/validators/CValidator.php(201): CInlineValidator->validateAttribute(Object(LoginForm), 'password')
#11 /var/www/html/framework/base/CModel.php(159): CValidator->validate(Object(LoginForm), NULL)
#12 /var/www/html/jobtest/protected/controllers/LoginController.php(12): CModel->validate()
#13 /var/www/html/framework/web/actions/CInlineAction.php(49): LoginController->actionIndex()
#14 /var/www/html/framework/web/CController.php(308): CInlineAction->runWithParams(Array)
#15 /var/www/html/framework/web/CController.php(286): CController->runAction(Object(CInlineAction))
#16 /var/www/html/framework/web/CController.php(265): CController->runActionWithFilters(Object(CInlineAction), Array)
#17 /var/www/html/framework/web/CWebApplication.php(282): CController->run('')
#18 /var/www/html/framework/web/CWebApplication.php(141): CWebApplication->runController('login')
#19 /var/www/html/framework/base/CApplication.php(185): CWebApplication->processRequest()
#20 /var/www/html/jobtest/index.php(13): CApplication->run()
#21 {main}
REQUEST_URI=/jobtest/index.php?r=login
HTTP_REFERER=http://localhost:8080/jobtest/index.php?r=login
---
2024/12/27 15:02:20 [error] [system.db.CDbCommand] CDbCommand::fetchAll() failed: SQLSTATE[42S02]: Base table or view not found: 1146 Table 'yii1_database.emp' doesn't exist. The SQL statement executed was: SHOW FULL COLUMNS FROM `emp`.
in /var/www/html/jobtest/protected/components/UserIdentity.php (22)
in /var/www/html/jobtest/protected/models/LoginForm.php (55)
in /var/www/html/jobtest/protected/controllers/LoginController.php (12)
2024/12/27 15:02:20 [error] [exception.CDbException] exception 'CDbException' with message 'The table "emp" for active record class "Emp" cannot be found in the database.' in /var/www/html/framework/db/ar/CActiveRecord.php:2391
Stack trace:
#0 /var/www/html/framework/db/ar/CActiveRecord.php(413): CActiveRecordMetaData->__construct(Object(Emp))
#1 /var/www/html/framework/db/ar/CActiveRecord.php(663): CActiveRecord->getMetaData()
#2 /var/www/html/framework/db/ar/CActiveRecord.php(1526): CActiveRecord->getTableSchema()
#3 /var/www/html/jobtest/protected/components/UserIdentity.php(22): CActiveRecord->findByAttributes(Array)
#4 /var/www/html/jobtest/protected/models/LoginForm.php(55): UserIdentity->authenticate()
#5 /var/www/html/framework/validators/CInlineValidator.php(42): LoginForm->authenticate('password', Array)
#6 /var/www/html/framework/validators/CValidator.php(201): CInlineValidator->validateAttribute(Object(LoginForm), 'password')
#7 /var/www/html/framework/base/CModel.php(159): CValidator->validate(Object(LoginForm), NULL)
#8 /var/www/html/jobtest/protected/controllers/LoginController.php(12): CModel->validate()
#9 /var/www/html/framework/web/actions/CInlineAction.php(49): LoginController->actionIndex()
#10 /var/www/html/framework/web/CController.php(308): CInlineAction->runWithParams(Array)
#11 /var/www/html/framework/web/CController.php(286): CController->runAction(Object(CInlineAction))
#12 /var/www/html/framework/web/CController.php(265): CController->runActionWithFilters(Object(CInlineAction), Array)
#13 /var/www/html/framework/web/CWebApplication.php(282): CController->run('')
#14 /var/www/html/framework/web/CWebApplication.php(141): CWebApplication->runController('login')
#15 /var/www/html/framework/base/CApplication.php(185): CWebApplication->processRequest()
#16 /var/www/html/jobtest/index.php(13): CApplication->run()
#17 {main}
REQUEST_URI=/jobtest/index.php?r=login
HTTP_REFERER=http://localhost:8080/jobtest/index.php?r=login
---
2024/12/27 15:06:38 [error] [exception.CDbException] exception 'CDbException' with message 'CDbConnection failed to open the DB connection: SQLSTATE[HY000] [2002] Connection refused' in /var/www/html/framework/db/CDbConnection.php:399
Stack trace:
#0 /var/www/html/framework/db/CDbConnection.php(347): CDbConnection->open()
#1 /var/www/html/framework/db/CDbConnection.php(325): CDbConnection->setActive(true)
#2 /var/www/html/framework/base/CModule.php(394): CDbConnection->init()
#3 /var/www/html/framework/base/CApplication.php(459): CModule->getComponent('db')
#4 /var/www/html/framework/db/ar/CActiveRecord.php(639): CApplication->getDb()
#5 /var/www/html/framework/db/ar/CActiveRecord.php(1436): CActiveRecord->getDbConnection()
#6 /var/www/html/framework/db/ar/CActiveRecord.php(1525): CActiveRecord->getTableAlias(true)
#7 /var/www/html/jobtest/protected/components/UserIdentity.php(22): CActiveRecord->findByAttributes(Array)
#8 /var/www/html/jobtest/protected/models/LoginForm.php(55): UserIdentity->authenticate()
#9 /var/www/html/framework/validators/CInlineValidator.php(42): LoginForm->authenticate('password', Array)
#10 /var/www/html/framework/validators/CValidator.php(201): CInlineValidator->validateAttribute(Object(LoginForm), 'password')
#11 /var/www/html/framework/base/CModel.php(159): CValidator->validate(Object(LoginForm), NULL)
#12 /var/www/html/jobtest/protected/controllers/LoginController.php(12): CModel->validate()
#13 /var/www/html/framework/web/actions/CInlineAction.php(49): LoginController->actionIndex()
#14 /var/www/html/framework/web/CController.php(308): CInlineAction->runWithParams(Array)
#15 /var/www/html/framework/web/CController.php(286): CController->runAction(Object(CInlineAction))
#16 /var/www/html/framework/web/CController.php(265): CController->runActionWithFilters(Object(CInlineAction), Array)
#17 /var/www/html/framework/web/CWebApplication.php(282): CController->run('')
#18 /var/www/html/framework/web/CWebApplication.php(141): CWebApplication->runController('login')
#19 /var/www/html/framework/base/CApplication.php(185): CWebApplication->processRequest()
#20 /var/www/html/jobtest/index.php(13): CApplication->run()
#21 {main}
REQUEST_URI=/jobtest/index.php?r=login
HTTP_REFERER=http://localhost:8080/jobtest/index.php?r=login
---
2024/12/27 15:06:43 [error] [exception.CDbException] exception 'CDbException' with message 'CDbConnection failed to open the DB connection: SQLSTATE[HY000] [2002] Connection refused' in /var/www/html/framework/db/CDbConnection.php:399
Stack trace:
#0 /var/www/html/framework/db/CDbConnection.php(347): CDbConnection->open()
#1 /var/www/html/framework/db/CDbConnection.php(325): CDbConnection->setActive(true)
#2 /var/www/html/framework/base/CModule.php(394): CDbConnection->init()
#3 /var/www/html/framework/base/CApplication.php(459): CModule->getComponent('db')
#4 /var/www/html/framework/db/ar/CActiveRecord.php(639): CApplication->getDb()
#5 /var/www/html/framework/db/ar/CActiveRecord.php(1436): CActiveRecord->getDbConnection()
#6 /var/www/html/framework/db/ar/CActiveRecord.php(1525): CActiveRecord->getTableAlias(true)
#7 /var/www/html/jobtest/protected/components/UserIdentity.php(22): CActiveRecord->findByAttributes(Array)
#8 /var/www/html/jobtest/protected/models/LoginForm.php(55): UserIdentity->authenticate()
#9 /var/www/html/framework/validators/CInlineValidator.php(42): LoginForm->authenticate('password', Array)
#10 /var/www/html/framework/validators/CValidator.php(201): CInlineValidator->validateAttribute(Object(LoginForm), 'password')
#11 /var/www/html/framework/base/CModel.php(159): CValidator->validate(Object(LoginForm), NULL)
#12 /var/www/html/jobtest/protected/controllers/LoginController.php(12): CModel->validate()
#13 /var/www/html/framework/web/actions/CInlineAction.php(49): LoginController->actionIndex()
#14 /var/www/html/framework/web/CController.php(308): CInlineAction->runWithParams(Array)
#15 /var/www/html/framework/web/CController.php(286): CController->runAction(Object(CInlineAction))
#16 /var/www/html/framework/web/CController.php(265): CController->runActionWithFilters(Object(CInlineAction), Array)
#17 /var/www/html/framework/web/CWebApplication.php(282): CController->run('')
#18 /var/www/html/framework/web/CWebApplication.php(141): CWebApplication->runController('login')
#19 /var/www/html/framework/base/CApplication.php(185): CWebApplication->processRequest()
#20 /var/www/html/jobtest/index.php(13): CApplication->run()
#21 {main}
REQUEST_URI=/jobtest/index.php?r=login
HTTP_REFERER=http://localhost:8080/jobtest/index.php?r=login
---
